#
# A fatal error has been detected by the Java Runtime Environment:
#
#  EXCEPTION_ACCESS_VIOLATION (0xc0000005) at pc=0x0000025650c86624, pid=21280, tid=3024
#
# JRE version: OpenJDK Runtime Environment Temurin-21.0.4+7 (21.0.4+7) (build 21.0.4+7-LTS)
# Java VM: OpenJDK 64-Bit Server VM Temurin-21.0.4+7 (21.0.4+7-LTS, mixed mode, tiered, compressed oops, compressed class ptrs, g1 gc, windows-amd64)
# Problematic frame:
# v  ~BufferBlob::MethodHandles adapters 0x0000025650c86624
#
# No core dump will be written. Minidumps are not enabled by default on client versions of Windows
#
# If you would like to submit a bug report, please visit:
#   https://github.com/adoptium/adoptium-support/issues
#

---------------  S U M M A R Y ------------

Command Line: -XX:+ShowCodeDetailsInExceptionMessages -agentlib:jdwp=transport=dt_socket,suspend=y,address=localhost:51548 -ea -javaagent:C:\CURSO DEVSUPERIOR\SPRING BOOT\sts-4.26.0.RELEASE\configuration\org.eclipse.osgi\271\0\.cp\lib\javaagent-shaded.jar -Dfile.encoding=UTF-8 -Dstdout.encoding=UTF-8 -Dstderr.encoding=UTF-8 org.eclipse.jdt.internal.junit.runner.RemoteTestRunner -version 3 -port 51547 -testLoaderClass org.eclipse.jdt.internal.junit5.runner.JUnit5TestLoader -loaderpluginname org.eclipse.jdt.junit5.runtime -packageNameFile C:\Users\lucia\AppData\Local\Temp\packageNames15799746416372752724.txt

Host: 13th Gen Intel(R) Core(TM) i7-13700H, 20 cores, 15G,  Windows 11 , 64 bit Build 26100 (10.0.26100.5074)
Time: Wed Sep 24 11:47:52 2025 Hora oficial do Brasil elapsed time: 204.669970 seconds (0d 0h 3m 24s)

---------------  T H R E A D  ---------------

Current thread (0x0000025645cf0b20):  JavaThread "main"             [_thread_in_Java, id=3024, stack(0x000000ade5c00000,0x000000ade5d00000) (1024K)]

Stack: [0x000000ade5c00000,0x000000ade5d00000],  sp=0x000000ade5cfcfc8,  free space=1011k
Native frames: (J=compiled Java code, j=interpreted, Vv=VM code, C=native code)
C  0x0000025650c86624

The last pc belongs to _linkToVirtual (printed below).

siginfo: EXCEPTION_ACCESS_VIOLATION (0xc0000005), reading address 0xffffffffffffffff


Registers:
RAX=0x0000025650c391b4, RBX=0x0000000708c13f90, RCX=0x000000ade5cfcfd0, RDX=0x0000000000000002
RSP=0x000000ade5cfcfc8, RBP=0x000000ade5cfd018, RSI=0x00000256674901e8, RDI=0x0000025678185f00
R8 =0x0000000000000002, R9 =0x0000000000000002, R10=0x0000000862800a72, R11=0xe118342fe118311d
R12=0x0000000000000000, R13=0x000000ade5cfcfc8, R14=0x000000ade5cfd038, R15=0x0000025645cf0b20
RIP=0x0000025650c86624, EFLAGS=0x0000000000010206


Register to memory mapping:

RAX=0x0000025650c391b4 is at code_begin+3380 in an Interpreter codelet
return entry points  [0x0000025650c38480, 0x0000025650c3a590]  8464 bytes
RBX=0x0000000708c13f90 is an oop: com.smartprocessrefusao.erprefusao.services.SupplierReceiptServiceTest 
{0x0000000708c13f90} - klass: 'com/smartprocessrefusao/erprefusao/services/SupplierReceiptServiceTest'
 - ---- fields (total size 6 words):
 - private 'service' 'Lcom/smartprocessrefusao/erprefusao/services/SupplierReceiptService;' @12  a 'com/smartprocessrefusao/erprefusao/services/SupplierReceiptService'{0x0000000708c25b78} (0xe1184b6f)
 - private 'supplierReceiptRepository' 'Lcom/smartprocessrefusao/erprefusao/repositories/SupplierReceiptRepository;' @16  a 'com/smartprocessrefusao/erprefusao/repositories/SupplierReceiptRepository$MockitoMock$EExpSYrM'{0x0000000708c188e8} (0xe118311d)
 - private 'inputRepository' 'Lcom/smartprocessrefusao/erprefusao/repositories/InputRepository;' @20  a 'com/smartprocessrefusao/erprefusao/repositories/InputRepository$MockitoMock$u4PIAuMG'{0x0000000708c1a178} (0xe118342f)
 - private 'partnerRepository' 'Lcom/smartprocessrefusao/erprefusao/repositories/PartnerRepository;' @24  a 'com/smartprocessrefusao/erprefusao/repositories/PartnerRepository$MockitoMock$JPTPVN9u'{0x0000000708c1ba08} (0xe1183741)
 - private 'supplierReceiptDTO' 'Lcom/smartprocessrefusao/erprefusao/dto/SupplierReceiptDTO;' @28  a 'com/smartprocessrefusao/erprefusao/dto/SupplierReceiptDTO'{0x0000000708c2e148} (0xe1185c29)
 - private 'supplierReceipt' 'Lcom/smartprocessrefusao/erprefusao/entities/SupplierReceipt;' @32  a 'com/smartprocessrefusao/erprefusao/entities/SupplierReceipt'{0x0000000708c2d3a0} (0xe1185a74)
 - private 'existingId' 'Ljava/lang/Long;' @36  a 'java/lang/Long'{0x0000000704ac97c8} = 1 (0xe09592f9)
 - private 'nonExistingPartnerId' 'Ljava/lang/Long;' @40  a 'java/lang/Long'{0x0000000708c2d068} = 999 (0xe1185a0d)
 - private 'nonExistingInputId' 'Ljava/lang/Long;' @44  a 'java/lang/Long'{0x0000000708c2d080} = 999 (0xe1185a10)
RCX=0x000000ade5cfcfd0 is pointing into the stack for thread: 0x0000025645cf0b20
RDX=0x0000000000000002 is an unknown value
RSP=0x000000ade5cfcfc8 is pointing into the stack for thread: 0x0000025645cf0b20
RBP=0x000000ade5cfd018 is pointing into the stack for thread: 0x0000025645cf0b20
RSI=0x00000256674901e8 points into unknown readable memory: 0x880011e1a4634275 | 75 42 63 a4 e1 11 00 88
RDI=0x0000025678185f00 points into unknown readable memory: 0x0000001800000060 | 60 00 00 00 18 00 00 00
R8 =0x0000000000000002 is an unknown value
R9 =0x0000000000000002 is an unknown value
R10=0x0000000862800a72 is an unknown value
R11=0xe118342fe118311d is an unknown value
R12=0x0 is null
R13=0x000000ade5cfcfc8 is pointing into the stack for thread: 0x0000025645cf0b20
R14=0x000000ade5cfd038 is pointing into the stack for thread: 0x0000025645cf0b20
R15=0x0000025645cf0b20 is a thread

Top of Stack: (sp=0x000000ade5cfcfc8)
0x000000ade5cfcfc8:   0000025650c391b4 000000ade5cfcfd0
0x000000ade5cfcfd8:   0000025662800a72 0000000000000004
0x000000ade5cfcfe8:   0000025662800bc0 0000025662800e80
0x000000ade5cfcff8:   00000007048f2d10 0000025662800a80
0x000000ade5cfd008:   000000ade5cfcfc8 000000ade5cfd040
0x000000ade5cfd018:   0000000708c2e100 000002564b483607
0x000000ade5cfd028:   0000000708c2dd70 0000000708c13f90
0x000000ade5cfd038:   0000000708c2de88 0000000704ad9900
0x000000ade5cfd048:   000000ade5cfd070 0000000704f43f80
0x000000ade5cfd058:   0000000708c2e100 0000000708c13f90
0x000000ade5cfd068:   0000000708c2e010 0000000708c2de88
0x000000ade5cfd078:   0000000708c13f90 000002564b483504
0x000000ade5cfd088:   000002564a0db2f5 0000000708c2e100
0x000000ade5cfd098:   00000256514096ae 0000000708c2e128
0x000000ade5cfd0a8:   0000000708c13f90 0000000708c2d8c8
0x000000ade5cfd0b8:   0000000708c2e128 0000000708c13f90
0x000000ade5cfd0c8:   000000ad00000001 0000000708c13f90
0x000000ade5cfd0d8:   0000000708c2d8c8 0000000704f43dc0
0x000000ade5cfd0e8:   0000000000000000 0000000704f43f80
0x000000ade5cfd0f8:   0000000708c2e128 0000025651408cf8
0x000000ade5cfd108:   0000000704903b00 000000ade5cfd180
0x000000ade5cfd118:   0000025650c3a3f3 0000000708c2d8c8
0x000000ade5cfd128:   0000000708c13f90 0000000708c2e128
0x000000ade5cfd138:   000000ade5cfd138 0000025662080d66
0x000000ade5cfd148:   0000000000000007 0000025662198148
0x000000ade5cfd158:   0000025662df3cd8 00000007049df2b0
0x000000ade5cfd168:   0000025662080dd8 000000ade5cfd120
0x000000ade5cfd178:   000000ade5cfd1a8 000000ade5cfd208
0x000000ade5cfd188:   0000025650c396b9 0000000708c2e128
0x000000ade5cfd198:   0000000000000000 0000000000000000
0x000000ade5cfd1a8:   0000000708c2d8c8 0000000708c13f90
0x000000ade5cfd1b8:   0000000704f43dc0 000000ade5cfd1c0 

Instructions: (pc=0x0000025650c86624)
0x0000025650c86524:   56 02 00 00 80 65 c8 50 56 02 00 00 00 76 c8 50
0x0000025650c86534:   56 02 00 00 70 65 c8 50 56 02 00 00 70 65 c8 50
0x0000025650c86544:   56 02 00 00 00 00 00 00 00 00 00 00 d8 26 87 f7
0x0000025650c86554:   fe 7f 00 00 f0 10 00 00 60 00 00 00 ff ff ff ff
0x0000025650c86564:   f0 10 00 00 00 00 00 00 00 00 00 00 00 00 00 00
0x0000025650c86574:   00 00 00 00 00 00 00 00 00 00 00 00 f4 66 66 66
0x0000025650c86584:   0f 1f 84 00 00 00 00 00 66 66 66 90 66 66 66 0f
0x0000025650c86594:   1f 84 00 00 00 00 00 66 66 66 90 90 48 8b 53 08
0x0000025650c865a4:   0f b7 52 2e 48 8b 0c d4 8b 59 14 48 c1 e3 03 8b
0x0000025650c865b4:   5b 28 48 c1 e3 03 8b 5b 24 48 c1 e3 03 48 8b 5b
0x0000025650c865c4:   10 48 85 db 0f 84 10 00 00 00 41 80 bf e0 05 00
0x0000025650c865d4:   00 00 74 03 ff 63 38 ff 63 50 e9 1d c0 fd ff 66
0x0000025650c865e4:   66 66 0f 1f 84 00 00 00 00 00 66 66 66 90 66 66
0x0000025650c865f4:   0f 1f 84 00 00 00 00 00 66 66 66 90 48 8b 53 08
0x0000025650c86604:   0f b7 52 2e 48 8b 0c d4 58 5b 50 44 8b 51 08 49
0x0000025650c86614:   bb 00 00 00 00 08 00 00 00 4d 03 d3 4c 8b 5b 10
0x0000025650c86624:   4b 8b 9c da c8 01 00 00 48 85 db 0f 84 10 00 00
0x0000025650c86634:   00 41 80 bf e0 05 00 00 00 74 03 ff 63 38 ff 63
0x0000025650c86644:   50 e9 b6 bf fd ff 66 66 66 0f 1f 84 00 00 00 00
0x0000025650c86654:   00 66 66 66 90 0f 1f 80 00 00 00 00 58 5b 50 8b
0x0000025650c86664:   5b 24 48 c1 e3 03 48 8b 5b 10 48 85 db 0f 84 10
0x0000025650c86674:   00 00 00 41 80 bf e0 05 00 00 00 74 03 ff 63 38
0x0000025650c86684:   ff 63 50 e9 74 bf fd ff 66 66 66 0f 1f 84 00 00
0x0000025650c86694:   00 00 00 66 66 66 90 0f 1f 44 00 00 48 8b 53 08
0x0000025650c866a4:   0f b7 52 2e 48 8b 0c d4 58 5b 50 48 3b 01 8b 5b
0x0000025650c866b4:   24 48 c1 e3 03 48 8b 5b 10 48 85 db 0f 84 10 00
0x0000025650c866c4:   00 00 41 80 bf e0 05 00 00 00 74 03 ff 63 38 ff
0x0000025650c866d4:   63 50 e9 25 bf fd ff 0f 1f 44 00 00 48 8b 53 08
0x0000025650c866e4:   0f b7 52 2e 48 8b 0c d4 58 5b 50 44 8b 51 08 49
0x0000025650c866f4:   bb 00 00 00 00 08 00 00 00 4d 03 d3 8b 43 18 48
0x0000025650c86704:   c1 e0 03 48 8b 40 10 48 8b 5b 10 45 8b 9a a0 00
0x0000025650c86714:   00 00 4f 8d 9c da c8 01 00 00 4d 8d 14 da 49 8b 


Stack slot to memory mapping:

stack at sp + 0 slots: 0x0000025650c391b4 is at code_begin+3380 in an Interpreter codelet
return entry points  [0x0000025650c38480, 0x0000025650c3a590]  8464 bytes
stack at sp + 1 slots: 0x000000ade5cfcfd0 is pointing into the stack for thread: 0x0000025645cf0b20
stack at sp + 2 slots: 0x0000025662800a72 is pointing into metadata
stack at sp + 3 slots: 0x0000000000000004 is an unknown value
stack at sp + 4 slots: 0x0000025662800bc0 is pointing into metadata
stack at sp + 5 slots: 0x0000025662800e80 is pointing into metadata
stack at sp + 6 slots: 0x00000007048f2d10 is an oop: java.lang.Class 
{0x00000007048f2d10} - klass: 'java/lang/Class'
 - ---- fields (total size 15 words):
 - private volatile transient 'classRedefinedCount' 'I' @12  1 (0x00000001)
 - injected 'klass' 'J' @16  34360525824 (0x00000008000c0400)
 - injected 'array_klass' 'J' @24  0 (0x0000000000000000)
 - injected 'oop_size' 'I' @32  15 (0x0000000f)
 - injected 'static_oop_field_count' 'I' @36  1 (0x00000001)
 - private volatile transient 'cachedConstructor' 'Ljava/lang/reflect/Constructor;' @40  null (0x00000000)
 - private transient 'name' 'Ljava/lang/String;' @44  null (0x00000000)
 - private transient 'module' 'Ljava/lang/Module;' @48  a 'java/lang/Module'{0x0000000704903da0} (0xe09207b4)
 - private final 'classLoader' 'Ljava/lang/ClassLoader;' @52  null (0x00000000)
 - private transient 'classData' 'Ljava/lang/Object;' @56  a 'java/lang/invoke/LambdaForm'{0x00000007049dccf8} => a 'java/lang/invoke/MemberName'{0x00000007049dce18} = {method} {0x0000025662800a88} 'invokeVirtual' '(Ljava/lang/Object;Ljava/lang/Object;)V' in 'java/lang/invoke/LambdaForm$DMH+0x00000008000c0400' (0xe093b99f)
 - private transient 'packageName' 'Ljava/lang/String;' @60  null (0x00000000)
 - private final 'componentType' 'Ljava/lang/Class;' @64  null (0x00000000)
 - private volatile transient 'reflectionData' 'Ljava/lang/ref/SoftReference;' @68  null (0x00000000)
 - private volatile transient 'genericInfo' 'Lsun/reflect/generics/repository/ClassRepository;' @72  null (0x00000000)
 - private volatile transient 'enumConstants' '[Ljava/lang/Object;' @76  null (0x00000000)
 - private volatile transient 'enumConstantDirectory' 'Ljava/util/Map;' @80  null (0x00000000)
 - private volatile transient 'annotationData' 'Ljava/lang/Class$AnnotationData;' @84  null (0x00000000)
 - private volatile transient 'annotationType' 'Lsun/reflect/annotation/AnnotationType;' @88  null (0x00000000)
 - transient 'classValueMap' 'Ljava/lang/ClassValue$ClassValueMap;' @92  null (0x00000000)
 - injected 'protection_domain' 'Ljava/lang/Object;' @96  null (0x00000000)
 - injected 'signers_name' 'Ljava/lang/Object;' @100  null (0x00000000)
 - injected 'source_file' 'Ljava/lang/Object;' @104  null (0x00000000)
 - signature: Ljava/lang/invoke/LambdaForm$DMH+0x00000008000c0400;
 - ---- static fields (1):
 - static final '_D_0' 'Ljava/lang/invoke/LambdaForm;' @112  a 'java/lang/invoke/LambdaForm'{0x00000007049dccf8} => a 'java/lang/invoke/MemberName'{0x00000007049dce18} = {method} {0x0000025662800a88} 'invokeVirtual' '(Ljava/lang/Object;Ljava/lang/Object;)V' in 'java/lang/invoke/LambdaForm$DMH+0x00000008000c0400' (0xe093b99f)
stack at sp + 7 slots: {method} {0x0000025662800a88} 'invokeVirtual' '(Ljava/lang/Object;Ljava/lang/Object;)V' in 'java/lang/invoke/LambdaForm$DMH+0x00000008000c0400'

MethodHandle::interpreter_entry::_linkToVirtual [0x0000025650c865e3, 0x0000025650c8664a] (103 bytes)
[MachCode]
  0x0000025650c865e3: 6666 660f | 1f84 0000 | 0000 0066 | 6666 9066 | 660f 1f84 | 0000 0000 | 0066 6666 | 9048 8b53 
  0x0000025650c86603: 080f b752 | 2e48 8b0c | d458 5b50 | 448b 5108 | 49bb 0000 | 0000 0800 | 0000 4d03 | d34c 8b5b 
  0x0000025650c86623: 104b 8b9c | dac8 0100 | 0048 85db | 0f84 1000 | 0000 4180 | bfe0 0500 | 0000 7403 | ff63 38ff 
  0x0000025650c86643: 6350 e9b6 | 
[/MachCode]

---------------  P R O C E S S  ---------------

Threads class SMR info:
_java_thread_list=0x0000025668b80ea0, length=17, elements={
0x0000025645cf0b20, 0x0000025661568f50, 0x000002566156b5d0, 0x0000025661580d30,
0x0000025661581790, 0x000002566156ca10, 0x000002566157e6d0, 0x000002566157f460,
0x0000025661580030, 0x0000025660daf230, 0x0000025666197df0, 0x0000025666134c60,
0x00000256661352e0, 0x00000256668f3150, 0x00000256669f78d0, 0x0000025672783e40,
0x0000025673b05940
}

Java Threads: ( => current thread )
=>0x0000025645cf0b20 JavaThread "main"                              [_thread_in_Java, id=3024, stack(0x000000ade5c00000,0x000000ade5d00000) (1024K)]
  0x0000025661568f50 JavaThread "Reference Handler"          daemon [_thread_blocked, id=16216, stack(0x000000ade6400000,0x000000ade6500000) (1024K)]
  0x000002566156b5d0 JavaThread "Finalizer"                  daemon [_thread_blocked, id=15016, stack(0x000000ade6500000,0x000000ade6600000) (1024K)]
  0x0000025661580d30 JavaThread "Signal Dispatcher"          daemon [_thread_blocked, id=2876, stack(0x000000ade6600000,0x000000ade6700000) (1024K)]
  0x0000025661581790 JavaThread "Attach Listener"            daemon [_thread_blocked, id=16468, stack(0x000000ade6700000,0x000000ade6800000) (1024K)]
  0x000002566156ca10 JavaThread "Service Thread"             daemon [_thread_blocked, id=26284, stack(0x000000ade6800000,0x000000ade6900000) (1024K)]
  0x000002566157e6d0 JavaThread "Monitor Deflation Thread"   daemon [_thread_blocked, id=16332, stack(0x000000ade6900000,0x000000ade6a00000) (1024K)]
  0x000002566157f460 JavaThread "C2 CompilerThread0"         daemon [_thread_blocked, id=20400, stack(0x000000ade6a00000,0x000000ade6b00000) (1024K)]
  0x0000025661580030 JavaThread "C1 CompilerThread0"         daemon [_thread_blocked, id=24564, stack(0x000000ade6b00000,0x000000ade6c00000) (1024K)]
  0x0000025660daf230 JavaThread "Common-Cleaner"             daemon [_thread_blocked, id=25472, stack(0x000000ade6c00000,0x000000ade6d00000) (1024K)]
  0x0000025666197df0 JavaThread "JDWP Transport Listener: dt_socket" daemon [_thread_blocked, id=29088, stack(0x000000ade7000000,0x000000ade7100000) (1024K)]
  0x0000025666134c60 JavaThread "JDWP Event Helper Thread"   daemon [_thread_blocked, id=11512, stack(0x000000ade7100000,0x000000ade7200000) (1024K)]
  0x00000256661352e0 JavaThread "JDWP Command Reader"        daemon [_thread_in_native, id=35416, stack(0x000000ade7200000,0x000000ade7300000) (1024K)]
  0x00000256668f3150 JavaThread "Notification Thread"        daemon [_thread_blocked, id=19064, stack(0x000000ade7300000,0x000000ade7400000) (1024K)]
  0x00000256669f78d0 JavaThread "ReaderThread"                      [_thread_in_native, id=16548, stack(0x000000ade7400000,0x000000ade7500000) (1024K)]
  0x0000025672783e40 JavaThread "mysql-cj-abandoned-connection-cleanup" daemon [_thread_blocked, id=8352, stack(0x000000ade8d00000,0x000000ade8e00000) (1024K)]
  0x0000025673b05940 JavaThread "HikariPool-1 housekeeper"   daemon [_thread_blocked, id=31036, stack(0x000000ade8e00000,0x000000ade8f00000) (1024K)]
Total: 17

Other Threads:
  0x00000256614ec9f0 VMThread "VM Thread"                           [id=3028, stack(0x000000ade6300000,0x000000ade6400000) (1024K)]
  0x0000025660dae7b0 WatcherThread "VM Periodic Task Thread"        [id=30004, stack(0x000000ade6200000,0x000000ade6300000) (1024K)]
  0x0000025645d5b330 WorkerThread "GC Thread#0"                     [id=31572, stack(0x000000ade5d00000,0x000000ade5e00000) (1024K)]
  0x0000025666de0d40 WorkerThread "GC Thread#1"                     [id=27484, stack(0x000000ade7500000,0x000000ade7600000) (1024K)]
  0x0000025666ba4c70 WorkerThread "GC Thread#2"                     [id=34136, stack(0x000000ade7600000,0x000000ade7700000) (1024K)]
  0x00000256667dee90 WorkerThread "GC Thread#3"                     [id=21292, stack(0x000000ade7700000,0x000000ade7800000) (1024K)]
  0x00000256667df230 WorkerThread "GC Thread#4"                     [id=20704, stack(0x000000ade7800000,0x000000ade7900000) (1024K)]
  0x00000256667df5d0 WorkerThread "GC Thread#5"                     [id=24988, stack(0x000000ade7900000,0x000000ade7a00000) (1024K)]
  0x0000025666b343d0 WorkerThread "GC Thread#6"                     [id=8592, stack(0x000000ade7a00000,0x000000ade7b00000) (1024K)]
  0x0000025666b34b10 WorkerThread "GC Thread#7"                     [id=24544, stack(0x000000ade7b00000,0x000000ade7c00000) (1024K)]
  0x0000025666b34770 WorkerThread "GC Thread#8"                     [id=26152, stack(0x000000ade7c00000,0x000000ade7d00000) (1024K)]
  0x0000025666b338f0 WorkerThread "GC Thread#9"                     [id=18548, stack(0x000000ade8100000,0x000000ade8200000) (1024K)]
  0x0000025666b34030 WorkerThread "GC Thread#10"                    [id=14400, stack(0x000000ade8200000,0x000000ade8300000) (1024K)]
  0x000002566873d280 WorkerThread "GC Thread#11"                    [id=35404, stack(0x000000ade8300000,0x000000ade8400000) (1024K)]
  0x000002566873d620 WorkerThread "GC Thread#12"                    [id=13108, stack(0x000000ade8400000,0x000000ade8500000) (1024K)]
  0x000002566873d9c0 WorkerThread "GC Thread#13"                    [id=10532, stack(0x000000ade8a00000,0x000000ade8b00000) (1024K)]
  0x000002566873dd60 WorkerThread "GC Thread#14"                    [id=31276, stack(0x000000ade8b00000,0x000000ade8c00000) (1024K)]
  0x0000025645d6bf40 ConcurrentGCThread "G1 Main Marker"            [id=26028, stack(0x000000ade5e00000,0x000000ade5f00000) (1024K)]
  0x0000025645d6ecc0 WorkerThread "G1 Conc#0"                       [id=25520, stack(0x000000ade5f00000,0x000000ade6000000) (1024K)]
  0x000002566873f320 WorkerThread "G1 Conc#1"                       [id=6944, stack(0x000000ade8500000,0x000000ade8600000) (1024K)]
  0x000002566873f6c0 WorkerThread "G1 Conc#2"                       [id=22056, stack(0x000000ade8600000,0x000000ade8700000) (1024K)]
  0x000002566873cb40 WorkerThread "G1 Conc#3"                       [id=21744, stack(0x000000ade8700000,0x000000ade8800000) (1024K)]
  0x0000025660c72c30 ConcurrentGCThread "G1 Refine#0"               [id=33308, stack(0x000000ade6000000,0x000000ade6100000) (1024K)]
  0x0000025660c73450 ConcurrentGCThread "G1 Service"                [id=23208, stack(0x000000ade6100000,0x000000ade6200000) (1024K)]
Total: 24

Threads with active compile tasks:
Total: 0

VM state: not at safepoint (normal execution)

VM Mutex/Monitor currently owned by a thread: None

Heap address: 0x0000000704400000, size: 4028 MB, Compressed Oops mode: Zero based, Oop shift amount: 3

CDS archive(s) not mapped
Compressed class space mapped at: 0x0000000800000000-0x0000000840000000, reserved size: 1073741824
Narrow klass base: 0x0000000800000000, Narrow klass shift: 0, Narrow klass range: 0x40000000

GC Precious Log:
 CardTable entry size: 512
 Card Set container configuration: InlinePtr #cards 4 size 8 Array Of Cards #cards 16 size 48 Howl #buckets 8 coarsen threshold 3686 Howl Bitmap #cards 512 size 80 coarsen threshold 460 Card regions per heap region 1 cards per card region 4096
 CPUs: 20 total, 20 available
 Memory: 16108M
 Large Page Support: Disabled
 NUMA Support: Disabled
 Compressed Oops: Enabled (Zero based)
 Heap Region Size: 2M
 Heap Min Capacity: 8M
 Heap Initial Capacity: 252M
 Heap Max Capacity: 4028M
 Pre-touch: Disabled
 Parallel Workers: 15
 Concurrent Workers: 4
 Concurrent Refinement Workers: 15
 Periodic GC: Disabled

Heap:
 garbage-first heap   total 143360K, used 121787K [0x0000000704400000, 0x0000000800000000)
  region size 2048K, 37 young (75776K), 3 survivors (6144K)
 Metaspace       used 118144K, committed 119040K, reserved 1179648K
  class space    used 15081K, committed 15488K, reserved 1048576K

Heap Regions: E=young(eden), S=young(survivor), O=old, HS=humongous(starts), HC=humongous(continues), CS=collection set, F=free, TAMS=top-at-mark-start, PB=parsable bottom
|   0|0x0000000704400000, 0x0000000704600000, 0x0000000704600000|100%| O|  |TAMS 0x0000000704400000| PB 0x0000000704400000| Untracked 
|   1|0x0000000704600000, 0x0000000704800000, 0x0000000704800000|100%| O|  |TAMS 0x0000000704600000| PB 0x0000000704600000| Untracked 
|   2|0x0000000704800000, 0x0000000704a00000, 0x0000000704a00000|100%| O|  |TAMS 0x0000000704800000| PB 0x0000000704800000| Untracked 
|   3|0x0000000704a00000, 0x0000000704c00000, 0x0000000704c00000|100%| O|  |TAMS 0x0000000704a00000| PB 0x0000000704a00000| Untracked 
|   4|0x0000000704c00000, 0x0000000704e00000, 0x0000000704e00000|100%| O|  |TAMS 0x0000000704c00000| PB 0x0000000704c00000| Untracked 
|   5|0x0000000704e00000, 0x0000000705000000, 0x0000000705000000|100%| O|  |TAMS 0x0000000704e00000| PB 0x0000000704e00000| Untracked 
|   6|0x0000000705000000, 0x0000000705200000, 0x0000000705200000|100%| O|  |TAMS 0x0000000705000000| PB 0x0000000705000000| Untracked 
|   7|0x0000000705200000, 0x0000000705400000, 0x0000000705400000|100%| O|  |TAMS 0x0000000705200000| PB 0x0000000705200000| Untracked 
|   8|0x0000000705400000, 0x0000000705600000, 0x0000000705600000|100%| O|  |TAMS 0x0000000705400000| PB 0x0000000705400000| Untracked 
|   9|0x0000000705600000, 0x0000000705800000, 0x0000000705800000|100%| O|  |TAMS 0x0000000705600000| PB 0x0000000705600000| Untracked 
|  10|0x0000000705800000, 0x0000000705a00000, 0x0000000705a00000|100%| O|  |TAMS 0x0000000705800000| PB 0x0000000705800000| Untracked 
|  11|0x0000000705a00000, 0x0000000705c00000, 0x0000000705c00000|100%| O|  |TAMS 0x0000000705a00000| PB 0x0000000705a00000| Untracked 
|  12|0x0000000705c00000, 0x0000000705e00000, 0x0000000705e00000|100%| O|  |TAMS 0x0000000705c00000| PB 0x0000000705c00000| Untracked 
|  13|0x0000000705e00000, 0x0000000706000000, 0x0000000706000000|100%| O|  |TAMS 0x0000000705e00000| PB 0x0000000705e00000| Untracked 
|  14|0x0000000706000000, 0x0000000706200000, 0x0000000706200000|100%| O|  |TAMS 0x0000000706000000| PB 0x0000000706000000| Untracked 
|  15|0x0000000706200000, 0x0000000706400000, 0x0000000706400000|100%| O|  |TAMS 0x0000000706200000| PB 0x0000000706200000| Untracked 
|  16|0x0000000706400000, 0x0000000706600000, 0x0000000706600000|100%| O|  |TAMS 0x0000000706400000| PB 0x0000000706400000| Untracked 
|  17|0x0000000706600000, 0x0000000706800000, 0x0000000706800000|100%| O|  |TAMS 0x0000000706600000| PB 0x0000000706600000| Untracked 
|  18|0x0000000706800000, 0x0000000706a00000, 0x0000000706a00000|100%| O|  |TAMS 0x0000000706800000| PB 0x0000000706800000| Untracked 
|  19|0x0000000706a00000, 0x0000000706c00000, 0x0000000706c00000|100%| O|  |TAMS 0x0000000706a00000| PB 0x0000000706a00000| Untracked 
|  20|0x0000000706c00000, 0x0000000706e00000, 0x0000000706e00000|100%| O|  |TAMS 0x0000000706c00000| PB 0x0000000706c00000| Untracked 
|  21|0x0000000706e00000, 0x0000000707000000, 0x0000000707000000|100%| O|  |TAMS 0x0000000706e00000| PB 0x0000000706e00000| Untracked 
|  22|0x0000000707000000, 0x0000000707200000, 0x0000000707200000|100%| O|  |TAMS 0x0000000707000000| PB 0x0000000707000000| Untracked 
|  23|0x0000000707200000, 0x0000000707400000, 0x0000000707400000|100%| O|  |TAMS 0x0000000707200000| PB 0x0000000707200000| Untracked 
|  24|0x0000000707400000, 0x0000000707427c20, 0x0000000707600000|  7%| O|  |TAMS 0x0000000707400000| PB 0x0000000707400000| Untracked 
|  25|0x0000000707600000, 0x0000000707600000, 0x0000000707800000|  0%| F|  |TAMS 0x0000000707600000| PB 0x0000000707600000| Untracked 
|  26|0x0000000707800000, 0x0000000707800000, 0x0000000707a00000|  0%| F|  |TAMS 0x0000000707800000| PB 0x0000000707800000| Untracked 
|  27|0x0000000707a00000, 0x0000000707a00000, 0x0000000707c00000|  0%| F|  |TAMS 0x0000000707a00000| PB 0x0000000707a00000| Untracked 
|  28|0x0000000707c00000, 0x0000000707c00000, 0x0000000707e00000|  0%| F|  |TAMS 0x0000000707c00000| PB 0x0000000707c00000| Untracked 
|  29|0x0000000707e00000, 0x0000000707ec7128, 0x0000000708000000| 38%| S|CS|TAMS 0x0000000707e00000| PB 0x0000000707e00000| Complete 
|  30|0x0000000708000000, 0x0000000708200000, 0x0000000708200000|100%| S|CS|TAMS 0x0000000708000000| PB 0x0000000708000000| Complete 
|  31|0x0000000708200000, 0x0000000708200000, 0x0000000708400000|  0%| F|  |TAMS 0x0000000708200000| PB 0x0000000708200000| Untracked 
|  32|0x0000000708400000, 0x0000000708600000, 0x0000000708600000|100%| S|CS|TAMS 0x0000000708400000| PB 0x0000000708400000| Complete 
|  33|0x0000000708600000, 0x0000000708600000, 0x0000000708800000|  0%| F|  |TAMS 0x0000000708600000| PB 0x0000000708600000| Untracked 
|  34|0x0000000708800000, 0x0000000708800000, 0x0000000708a00000|  0%| F|  |TAMS 0x0000000708800000| PB 0x0000000708800000| Untracked 
|  35|0x0000000708a00000, 0x0000000708a00000, 0x0000000708c00000|  0%| F|  |TAMS 0x0000000708a00000| PB 0x0000000708a00000| Untracked 
|  36|0x0000000708c00000, 0x0000000708dbdf18, 0x0000000708e00000| 87%| E|  |TAMS 0x0000000708c00000| PB 0x0000000708c00000| Complete 
|  37|0x0000000708e00000, 0x0000000709000000, 0x0000000709000000|100%| E|CS|TAMS 0x0000000708e00000| PB 0x0000000708e00000| Complete 
|  38|0x0000000709000000, 0x0000000709200000, 0x0000000709200000|100%| E|CS|TAMS 0x0000000709000000| PB 0x0000000709000000| Complete 
|  39|0x0000000709200000, 0x0000000709400000, 0x0000000709400000|100%| E|CS|TAMS 0x0000000709200000| PB 0x0000000709200000| Complete 
|  40|0x0000000709400000, 0x0000000709600000, 0x0000000709600000|100%| E|CS|TAMS 0x0000000709400000| PB 0x0000000709400000| Complete 
|  41|0x0000000709600000, 0x0000000709800000, 0x0000000709800000|100%| E|CS|TAMS 0x0000000709600000| PB 0x0000000709600000| Complete 
|  42|0x0000000709800000, 0x0000000709a00000, 0x0000000709a00000|100%| E|CS|TAMS 0x0000000709800000| PB 0x0000000709800000| Complete 
|  43|0x0000000709a00000, 0x0000000709c00000, 0x0000000709c00000|100%| E|CS|TAMS 0x0000000709a00000| PB 0x0000000709a00000| Complete 
|  44|0x0000000709c00000, 0x0000000709e00000, 0x0000000709e00000|100%| E|CS|TAMS 0x0000000709c00000| PB 0x0000000709c00000| Complete 
|  45|0x0000000709e00000, 0x000000070a000000, 0x000000070a000000|100%| E|CS|TAMS 0x0000000709e00000| PB 0x0000000709e00000| Complete 
|  46|0x000000070a000000, 0x000000070a200000, 0x000000070a200000|100%| E|CS|TAMS 0x000000070a000000| PB 0x000000070a000000| Complete 
|  47|0x000000070a200000, 0x000000070a400000, 0x000000070a400000|100%| E|CS|TAMS 0x000000070a200000| PB 0x000000070a200000| Complete 
|  48|0x000000070a400000, 0x000000070a600000, 0x000000070a600000|100%| E|CS|TAMS 0x000000070a400000| PB 0x000000070a400000| Complete 
|  49|0x000000070a600000, 0x000000070a800000, 0x000000070a800000|100%| E|CS|TAMS 0x000000070a600000| PB 0x000000070a600000| Complete 
|  50|0x000000070a800000, 0x000000070aa00000, 0x000000070aa00000|100%| E|CS|TAMS 0x000000070a800000| PB 0x000000070a800000| Complete 
|  51|0x000000070aa00000, 0x000000070ac00000, 0x000000070ac00000|100%| E|CS|TAMS 0x000000070aa00000| PB 0x000000070aa00000| Complete 
|  52|0x000000070ac00000, 0x000000070ae00000, 0x000000070ae00000|100%| E|CS|TAMS 0x000000070ac00000| PB 0x000000070ac00000| Complete 
|  53|0x000000070ae00000, 0x000000070b000000, 0x000000070b000000|100%| E|CS|TAMS 0x000000070ae00000| PB 0x000000070ae00000| Complete 
|  54|0x000000070b000000, 0x000000070b200000, 0x000000070b200000|100%| E|CS|TAMS 0x000000070b000000| PB 0x000000070b000000| Complete 
|  55|0x000000070b200000, 0x000000070b400000, 0x000000070b400000|100%| E|CS|TAMS 0x000000070b200000| PB 0x000000070b200000| Complete 
|  56|0x000000070b400000, 0x000000070b600000, 0x000000070b600000|100%| E|CS|TAMS 0x000000070b400000| PB 0x000000070b400000| Complete 
|  57|0x000000070b600000, 0x000000070b800000, 0x000000070b800000|100%| E|CS|TAMS 0x000000070b600000| PB 0x000000070b600000| Complete 
|  58|0x000000070b800000, 0x000000070ba00000, 0x000000070ba00000|100%| E|CS|TAMS 0x000000070b800000| PB 0x000000070b800000| Complete 
|  59|0x000000070ba00000, 0x000000070bc00000, 0x000000070bc00000|100%| E|CS|TAMS 0x000000070ba00000| PB 0x000000070ba00000| Complete 
|  60|0x000000070bc00000, 0x000000070be00000, 0x000000070be00000|100%| E|CS|TAMS 0x000000070bc00000| PB 0x000000070bc00000| Complete 
|  61|0x000000070be00000, 0x000000070c000000, 0x000000070c000000|100%| E|CS|TAMS 0x000000070be00000| PB 0x000000070be00000| Complete 
|  62|0x000000070c000000, 0x000000070c200000, 0x000000070c200000|100%| E|CS|TAMS 0x000000070c000000| PB 0x000000070c000000| Complete 
|  63|0x000000070c200000, 0x000000070c400000, 0x000000070c400000|100%| E|CS|TAMS 0x000000070c200000| PB 0x000000070c200000| Complete 
|  64|0x000000070c400000, 0x000000070c600000, 0x000000070c600000|100%| E|CS|TAMS 0x000000070c400000| PB 0x000000070c400000| Complete 
|  65|0x000000070c600000, 0x000000070c800000, 0x000000070c800000|100%| E|CS|TAMS 0x000000070c600000| PB 0x000000070c600000| Complete 
|  66|0x000000070c800000, 0x000000070ca00000, 0x000000070ca00000|100%| E|CS|TAMS 0x000000070c800000| PB 0x000000070c800000| Complete 
|  73|0x000000070d600000, 0x000000070d800000, 0x000000070d800000|100%| E|CS|TAMS 0x000000070d600000| PB 0x000000070d600000| Complete 
|  96|0x0000000710400000, 0x0000000710600000, 0x0000000710600000|100%| E|CS|TAMS 0x0000000710400000| PB 0x0000000710400000| Complete 
| 125|0x0000000713e00000, 0x0000000714000000, 0x0000000714000000|100%| E|CS|TAMS 0x0000000713e00000| PB 0x0000000713e00000| Complete 

Card table byte_map: [0x0000025659a70000,0x000002565a250000] _byte_map_base: 0x000002565624e000

Marking Bits: (CMBitMap*) 0x0000025645d5b940
 Bits: [0x000002565a250000, 0x000002565e140000)

Polling page: 0x0000025643be0000

Metaspace:

Usage:
  Non-class:    100.65 MB used.
      Class:     14.73 MB used.
       Both:    115.38 MB used.

Virtual space:
  Non-class space:      128.00 MB reserved,     101.12 MB ( 79%) committed,  2 nodes.
      Class space:        1.00 GB reserved,      15.12 MB (  1%) committed,  1 nodes.
             Both:        1.12 GB reserved,     116.25 MB ( 10%) committed. 

Chunk freelists:
   Non-Class:  10.42 MB
       Class:  753.00 KB
        Both:  11.16 MB

MaxMetaspaceSize: unlimited
CompressedClassSpaceSize: 1.00 GB
Initial GC threshold: 21.00 MB
Current GC threshold: 172.44 MB
CDS: off
 - commit_granule_bytes: 65536.
 - commit_granule_words: 8192.
 - virtual_space_node_default_size: 8388608.
 - enlarge_chunks_in_place: 1.
 - use_allocation_guard: 0.


Internal statistics:

num_allocs_failed_limit: 9.
num_arena_births: 1316.
num_arena_deaths: 0.
num_vsnodes_births: 3.
num_vsnodes_deaths: 0.
num_space_committed: 1860.
num_space_uncommitted: 0.
num_chunks_returned_to_freelist: 9.
num_chunks_taken_from_freelist: 5521.
num_chunk_merges: 9.
num_chunk_splits: 3901.
num_chunks_enlarged: 3051.
num_inconsistent_stats: 0.

CodeHeap 'non-profiled nmethods': size=119168Kb used=12822Kb max_used=12822Kb free=106345Kb
 bounds [0x0000025651380000, 0x0000025652010000, 0x00000256587e0000]
CodeHeap 'profiled nmethods': size=119104Kb used=34399Kb max_used=34399Kb free=84704Kb
 bounds [0x00000256497e0000, 0x000002564b980000, 0x0000025650c30000]
CodeHeap 'non-nmethods': size=7488Kb used=2219Kb max_used=4002Kb free=5268Kb
 bounds [0x0000025650c30000, 0x0000025651030000, 0x0000025651380000]
 total_blobs=17290 nmethods=16424 adapters=768
 compilation: enabled
              stopped_count=0, restarted_count=0
 full_count=0

Compilation events (20 events):
Event: 35.239 Thread 0x00000256712e29b0 nmethod 18619 0x0000025651fae390 code [0x0000025651fae700, 0x0000025651fb1560]
Event: 35.263 Thread 0x00000256712e3080 nmethod 18563 0x0000025651fb2990 code [0x0000025651fb2da0, 0x0000025651fb5e28]
Event: 35.307 Thread 0x00000256712e0e70 nmethod 18617 0x0000025651fb7a90 code [0x0000025651fb83c0, 0x0000025651fc12c0]
Event: 35.327 Thread 0x00000256675ca270 nmethod 17588 0x0000025651fc6490 code [0x0000025651fc6fc0, 0x0000025651fd4810]
Event: 35.379 Thread 0x00000256717c2dd0 nmethod 18454 0x0000025651fdab10 code [0x0000025651fdb300, 0x0000025651fe27b0]
Event: 35.427 Thread 0x000002566157f460 nmethod 17279 0x0000025651fed410 code [0x0000025651fedd00, 0x0000025651ff8e28]
Event: 93.968 Thread 0x0000025661580030 18630       3       jdk.internal.loader.URLClassPath$FileLoader$1::<init> (26 bytes)
Event: 93.968 Thread 0x0000025661580030 nmethod 18630 0x000002564b973f10 code [0x000002564b9740c0, 0x000002564b974410]
Event: 94.234 Thread 0x000002566157f460 18631       4       java.lang.Thread::interrupted (7 bytes)
Event: 94.235 Thread 0x000002566157f460 nmethod 18631 0x0000025652002d90 code [0x0000025652002f00, 0x0000025652002f98]
Event: 124.029 Thread 0x0000025661580030 18632   !   3       jdk.internal.loader.BuiltinClassLoader::findMiscResource (122 bytes)
Event: 124.030 Thread 0x0000025661580030 nmethod 18632 0x000002564b974510 code [0x000002564b9747e0, 0x000002564b975a18]
Event: 139.054 Thread 0x000002566157f460 18633       4       java.io.File::<init> (111 bytes)
Event: 139.061 Thread 0x000002566157f460 nmethod 18633 0x0000025652003090 code [0x00000256520032e0, 0x0000025652003dc0]
Event: 179.110 Thread 0x0000025661580030 18634   !   3       jdk.internal.loader.URLClassPath$FileLoader::getResource (153 bytes)
Event: 179.113 Thread 0x0000025661580030 nmethod 18634 0x000002564b975f10 code [0x000002564b976240, 0x000002564b977408]
Event: 204.561 Thread 0x000002566157f460 18635       4       java.lang.String::<init> (74 bytes)
Event: 204.612 Thread 0x000002566157f460 

Event: 204.612 Thread 0x000002566157f460 18636       4       org.eclipse.jdt.launching.internal.org.objectweb.asm.ClassReader::readUtf (161 bytes)
Event: 204.618 Thread 0x000002566157f460 nmethod 18636 0x0000025652004690 code [0x0000025652004860, 0x00000256520053e0]

GC Heap History (20 events):
Event: 7.005 GC heap before
{Heap before GC invocations=30 (full 0):
 garbage-first heap   total 98304K, used 82358K [0x0000000704400000, 0x0000000800000000)
  region size 2048K, 24 young (49152K), 3 survivors (6144K)
 Metaspace       used 90084K, committed 90752K, reserved 1179648K
  class space    used 11389K, committed 11648K, reserved 1048576K
}
Event: 7.007 GC heap after
{Heap after GC invocations=31 (full 0):
 garbage-first heap   total 98304K, used 40603K [0x0000000704400000, 0x0000000800000000)
  region size 2048K, 1 young (2048K), 1 survivors (2048K)
 Metaspace       used 90084K, committed 90752K, reserved 1179648K
  class space    used 11389K, committed 11648K, reserved 1048576K
}
Event: 7.148 GC heap before
{Heap before GC invocations=32 (full 0):
 garbage-first heap   total 98304K, used 87707K [0x0000000704400000, 0x0000000800000000)
  region size 2048K, 25 young (51200K), 1 survivors (2048K)
 Metaspace       used 91319K, committed 91968K, reserved 1179648K
  class space    used 11743K, committed 12032K, reserved 1048576K
}
Event: 7.150 GC heap after
{Heap after GC invocations=33 (full 0):
 garbage-first heap   total 118784K, used 42622K [0x0000000704400000, 0x0000000800000000)
  region size 2048K, 2 young (4096K), 2 survivors (4096K)
 Metaspace       used 91319K, committed 91968K, reserved 1179648K
  class space    used 11743K, committed 12032K, reserved 1048576K
}
Event: 7.237 GC heap before
{Heap before GC invocations=33 (full 0):
 garbage-first heap   total 118784K, used 106110K [0x0000000704400000, 0x0000000800000000)
  region size 2048K, 33 young (67584K), 2 survivors (4096K)
 Metaspace       used 92756K, committed 93376K, reserved 1179648K
  class space    used 11925K, committed 12160K, reserved 1048576K
}
Event: 7.240 GC heap after
{Heap after GC invocations=34 (full 0):
 garbage-first heap   total 118784K, used 42001K [0x0000000704400000, 0x0000000800000000)
  region size 2048K, 2 young (4096K), 2 survivors (4096K)
 Metaspace       used 92756K, committed 93376K, reserved 1179648K
  class space    used 11925K, committed 12160K, reserved 1048576K
}
Event: 7.763 GC heap before
{Heap before GC invocations=34 (full 0):
 garbage-first heap   total 118784K, used 105489K [0x0000000704400000, 0x0000000800000000)
  region size 2048K, 33 young (67584K), 2 survivors (4096K)
 Metaspace       used 94971K, committed 95680K, reserved 1179648K
  class space    used 12187K, committed 12544K, reserved 1048576K
}
Event: 7.767 GC heap after
{Heap after GC invocations=35 (full 0):
 garbage-first heap   total 118784K, used 43984K [0x0000000704400000, 0x0000000800000000)
  region size 2048K, 3 young (6144K), 3 survivors (6144K)
 Metaspace       used 94971K, committed 95680K, reserved 1179648K
  class space    used 12187K, committed 12544K, reserved 1048576K
}
Event: 8.247 GC heap before
{Heap before GC invocations=36 (full 0):
 garbage-first heap   total 118784K, used 103376K [0x0000000704400000, 0x0000000800000000)
  region size 2048K, 32 young (65536K), 3 survivors (6144K)
 Metaspace       used 97800K, committed 98560K, reserved 1179648K
  class space    used 12571K, committed 12928K, reserved 1048576K
}
Event: 8.251 GC heap after
{Heap after GC invocations=37 (full 0):
 garbage-first heap   total 118784K, used 46064K [0x0000000704400000, 0x0000000800000000)
  region size 2048K, 4 young (8192K), 4 survivors (8192K)
 Metaspace       used 97800K, committed 98560K, reserved 1179648K
  class space    used 12571K, committed 12928K, reserved 1048576K
}
Event: 8.636 GC heap before
{Heap before GC invocations=37 (full 0):
 garbage-first heap   total 118784K, used 99312K [0x0000000704400000, 0x0000000800000000)
  region size 2048K, 30 young (61440K), 4 survivors (8192K)
 Metaspace       used 100943K, committed 101696K, reserved 1179648K
  class space    used 13020K, committed 13376K, reserved 1048576K
}
Event: 8.641 GC heap after
{Heap after GC invocations=38 (full 0):
 garbage-first heap   total 118784K, used 48254K [0x0000000704400000, 0x0000000800000000)
  region size 2048K, 4 young (8192K), 4 survivors (8192K)
 Metaspace       used 100943K, committed 101696K, reserved 1179648K
  class space    used 13020K, committed 13376K, reserved 1048576K
}
Event: 9.356 GC heap before
{Heap before GC invocations=38 (full 0):
 garbage-first heap   total 118784K, used 99454K [0x0000000704400000, 0x0000000800000000)
  region size 2048K, 29 young (59392K), 4 survivors (8192K)
 Metaspace       used 105054K, committed 105856K, reserved 1179648K
  class space    used 13662K, committed 14016K, reserved 1048576K
}
Event: 9.360 GC heap after
{Heap after GC invocations=39 (full 0):
 garbage-first heap   total 118784K, used 50339K [0x0000000704400000, 0x0000000800000000)
  region size 2048K, 3 young (6144K), 3 survivors (6144K)
 Metaspace       used 105054K, committed 105856K, reserved 1179648K
  class space    used 13662K, committed 14016K, reserved 1048576K
}
Event: 10.155 GC heap before
{Heap before GC invocations=40 (full 0):
 garbage-first heap   total 118784K, used 103587K [0x0000000704400000, 0x0000000800000000)
  region size 2048K, 29 young (59392K), 3 survivors (6144K)
 Metaspace       used 109751K, committed 110528K, reserved 1179648K
  class space    used 14300K, committed 14656K, reserved 1048576K
}
Event: 10.159 GC heap after
{Heap after GC invocations=41 (full 0):
 garbage-first heap   total 143360K, used 51356K [0x0000000704400000, 0x0000000800000000)
  region size 2048K, 2 young (4096K), 2 survivors (4096K)
 Metaspace       used 109751K, committed 110528K, reserved 1179648K
  class space    used 14300K, committed 14656K, reserved 1048576K
}
Event: 19.584 GC heap before
{Heap before GC invocations=41 (full 0):
 garbage-first heap   total 143360K, used 129180K [0x0000000704400000, 0x0000000800000000)
  region size 2048K, 40 young (81920K), 2 survivors (4096K)
 Metaspace       used 114233K, committed 115008K, reserved 1179648K
  class space    used 14701K, committed 15040K, reserved 1048576K
}
Event: 19.589 GC heap after
{Heap after GC invocations=42 (full 0):
 garbage-first heap   total 143360K, used 52263K [0x0000000704400000, 0x0000000800000000)
  region size 2048K, 3 young (6144K), 3 survivors (6144K)
 Metaspace       used 114233K, committed 115008K, reserved 1179648K
  class space    used 14701K, committed 15040K, reserved 1048576K
}
Event: 33.671 GC heap before
{Heap before GC invocations=42 (full 0):
 garbage-first heap   total 143360K, used 128039K [0x0000000704400000, 0x0000000800000000)
  region size 2048K, 40 young (81920K), 3 survivors (6144K)
 Metaspace       used 116177K, committed 116992K, reserved 1179648K
  class space    used 14808K, committed 15168K, reserved 1048576K
}
Event: 33.676 GC heap after
{Heap after GC invocations=43 (full 0):
 garbage-first heap   total 143360K, used 54203K [0x0000000704400000, 0x0000000800000000)
  region size 2048K, 3 young (6144K), 3 survivors (6144K)
 Metaspace       used 116177K, committed 116992K, reserved 1179648K
  class space    used 14808K, committed 15168K, reserved 1048576K
}

Dll operation events (13 events):
Event: 0.010 Loaded shared library C:\CURSO DEVSUPERIOR\SPRING BOOT\sts-4.26.0.RELEASE\plugins\org.eclipse.justj.openjdk.hotspot.jre.full.win32.x86_64_21.0.4.v20240802-1551\jre\bin\java.dll
Event: 0.015 Loaded shared library C:\CURSO DEVSUPERIOR\SPRING BOOT\sts-4.26.0.RELEASE\plugins\org.eclipse.justj.openjdk.hotspot.jre.full.win32.x86_64_21.0.4.v20240802-1551\jre\bin\zip.dll
Event: 0.189 Loaded shared library C:\CURSO DEVSUPERIOR\SPRING BOOT\sts-4.26.0.RELEASE\plugins\org.eclipse.justj.openjdk.hotspot.jre.full.win32.x86_64_21.0.4.v20240802-1551\jre\bin\instrument.dll
Event: 0.198 Loaded shared library C:\CURSO DEVSUPERIOR\SPRING BOOT\sts-4.26.0.RELEASE\plugins\org.eclipse.justj.openjdk.hotspot.jre.full.win32.x86_64_21.0.4.v20240802-1551\jre\bin\net.dll
Event: 0.199 Loaded shared library C:\CURSO DEVSUPERIOR\SPRING BOOT\sts-4.26.0.RELEASE\plugins\org.eclipse.justj.openjdk.hotspot.jre.full.win32.x86_64_21.0.4.v20240802-1551\jre\bin\nio.dll
Event: 0.204 Loaded shared library C:\CURSO DEVSUPERIOR\SPRING BOOT\sts-4.26.0.RELEASE\plugins\org.eclipse.justj.openjdk.hotspot.jre.full.win32.x86_64_21.0.4.v20240802-1551\jre\bin\zip.dll
Event: 0.324 Loaded shared library C:\CURSO DEVSUPERIOR\SPRING BOOT\sts-4.26.0.RELEASE\plugins\org.eclipse.justj.openjdk.hotspot.jre.full.win32.x86_64_21.0.4.v20240802-1551\jre\bin\jimage.dll
Event: 0.357 Loaded shared library C:\CURSO DEVSUPERIOR\SPRING BOOT\sts-4.26.0.RELEASE\plugins\org.eclipse.justj.openjdk.hotspot.jre.full.win32.x86_64_21.0.4.v20240802-1551\jre\bin\verify.dll
Event: 0.435 Loaded shared library C:\CURSO DEVSUPERIOR\SPRING BOOT\sts-4.26.0.RELEASE\plugins\org.eclipse.justj.openjdk.hotspot.jre.full.win32.x86_64_21.0.4.v20240802-1551\jre\bin\extnet.dll
Event: 2.508 Loaded shared library C:\CURSO DEVSUPERIOR\SPRING BOOT\sts-4.26.0.RELEASE\plugins\org.eclipse.justj.openjdk.hotspot.jre.full.win32.x86_64_21.0.4.v20240802-1551\jre\bin\sunmscapi.dll
Event: 8.765 Loaded shared library C:\CURSO DEVSUPERIOR\SPRING BOOT\sts-4.26.0.RELEASE\plugins\org.eclipse.justj.openjdk.hotspot.jre.full.win32.x86_64_21.0.4.v20240802-1551\jre\bin\management.dll
Event: 8.768 Loaded shared library C:\CURSO DEVSUPERIOR\SPRING BOOT\sts-4.26.0.RELEASE\plugins\org.eclipse.justj.openjdk.hotspot.jre.full.win32.x86_64_21.0.4.v20240802-1551\jre\bin\management_ext.dll
Event: 9.003 Loaded shared library C:\CURSO DEVSUPERIOR\SPRING BOOT\sts-4.26.0.RELEASE\plugins\org.eclipse.justj.openjdk.hotspot.jre.full.win32.x86_64_21.0.4.v20240802-1551\jre\bin\instrument.dll

Deoptimization events (20 events):
Event: 34.951 Thread 0x0000025645cf0b20 DEOPT PACKING pc=0x000002564b8176fc sp=0x000000ade5cfd0d0
Event: 34.951 Thread 0x0000025645cf0b20 DEOPT UNPACKING pc=0x0000025650c84e42 sp=0x000000ade5cfc638 mode 1
Event: 34.954 Thread 0x0000025645cf0b20 DEOPT PACKING pc=0x000002564b8176fc sp=0x000000ade5cfd0d0
Event: 34.954 Thread 0x0000025645cf0b20 DEOPT UNPACKING pc=0x0000025650c84e42 sp=0x000000ade5cfc638 mode 1
Event: 34.954 Thread 0x0000025645cf0b20 DEOPT PACKING pc=0x000002564b8176fc sp=0x000000ade5cfd0d0
Event: 34.954 Thread 0x0000025645cf0b20 DEOPT UNPACKING pc=0x0000025650c84e42 sp=0x000000ade5cfc638 mode 1
Event: 34.954 Thread 0x0000025645cf0b20 DEOPT PACKING pc=0x000002564b8176fc sp=0x000000ade5cfd0d0
Event: 34.954 Thread 0x0000025645cf0b20 DEOPT UNPACKING pc=0x0000025650c84e42 sp=0x000000ade5cfc638 mode 1
Event: 34.958 Thread 0x0000025645cf0b20 DEOPT PACKING pc=0x0000025649e25aec sp=0x000000ade5cfcb90
Event: 34.958 Thread 0x0000025645cf0b20 DEOPT UNPACKING pc=0x0000025650c84e42 sp=0x000000ade5cfc0b0 mode 1
Event: 34.961 Thread 0x0000025645cf0b20 DEOPT PACKING pc=0x000002564b8176fc sp=0x000000ade5cfd0d0
Event: 34.961 Thread 0x0000025645cf0b20 DEOPT UNPACKING pc=0x0000025650c84e42 sp=0x000000ade5cfc638 mode 1
Event: 34.961 Thread 0x0000025645cf0b20 DEOPT PACKING pc=0x000002564b8176fc sp=0x000000ade5cfd0d0
Event: 34.961 Thread 0x0000025645cf0b20 DEOPT UNPACKING pc=0x0000025650c84e42 sp=0x000000ade5cfc638 mode 1
Event: 34.961 Thread 0x0000025645cf0b20 DEOPT PACKING pc=0x000002564b8176fc sp=0x000000ade5cfd0d0
Event: 34.961 Thread 0x0000025645cf0b20 DEOPT UNPACKING pc=0x0000025650c84e42 sp=0x000000ade5cfc638 mode 1
Event: 204.547 Thread 0x0000025645cf0b20 DEOPT PACKING pc=0x000002564b6d6994 sp=0x000000ade5cfcfe0
Event: 204.547 Thread 0x0000025645cf0b20 DEOPT UNPACKING pc=0x0000025650c84e42 sp=0x000000ade5cfc488 mode 0
Event: 204.561 Thread 0x0000025666197df0 DEOPT PACKING pc=0x000002564b7c982b sp=0x000000ade70fe1f0
Event: 204.561 Thread 0x0000025666197df0 DEOPT UNPACKING pc=0x0000025650c84e42 sp=0x000000ade70fd690 mode 0

Classes loaded (20 events):
Event: 34.723 Loading class com/smartprocessrefusao/erprefusao/services/MaterialGroupServiceTest
Event: 34.723 Loading class com/smartprocessrefusao/erprefusao/services/MaterialGroupServiceTest done
Event: 34.735 Loading class com/smartprocessrefusao/erprefusao/services/MaterialGroupServiceTest
Event: 34.735 Loading class com/smartprocessrefusao/erprefusao/services/MaterialGroupServiceTest done
Event: 34.740 Loading class com/smartprocessrefusao/erprefusao/services/MaterialGroupServiceTest
Event: 34.740 Loading class com/smartprocessrefusao/erprefusao/services/MaterialGroupServiceTest done
Event: 34.751 Loading class com/smartprocessrefusao/erprefusao/services/MaterialGroupServiceTest
Event: 34.751 Loading class com/smartprocessrefusao/erprefusao/services/MaterialGroupServiceTest done
Event: 34.940 Loading class com/smartprocessrefusao/erprefusao/services/SupplierReceiptServiceTest
Event: 34.940 Loading class com/smartprocessrefusao/erprefusao/services/SupplierReceiptServiceTest done
Event: 34.944 Loading class com/smartprocessrefusao/erprefusao/services/SupplierReceiptServiceTest
Event: 34.944 Loading class com/smartprocessrefusao/erprefusao/services/SupplierReceiptServiceTest done
Event: 34.949 Loading class jakarta/persistence/EntityNotFoundException
Event: 34.949 Loading class jakarta/persistence/EntityNotFoundException done
Event: 34.949 Loading class jakarta/persistence/EntityNotFoundException
Event: 34.949 Loading class jakarta/persistence/EntityNotFoundException done
Event: 34.955 Loading class com/smartprocessrefusao/erprefusao/services/SupplierReceiptServiceTest
Event: 34.955 Loading class com/smartprocessrefusao/erprefusao/services/SupplierReceiptServiceTest done
Event: 34.955 Loading class com/smartprocessrefusao/erprefusao/dto/SupplierReceiptDTO
Event: 34.955 Loading class com/smartprocessrefusao/erprefusao/dto/SupplierReceiptDTO done

Classes unloaded (0 events):
No events

Classes redefined (20 events):
Event: 33.716 Thread 0x00000256614ec9f0 redefined class name=org.springframework.data.repository.Repository, count=1
Event: 33.716 Thread 0x00000256614ec9f0 redefined class name=org.springframework.data.repository.PagingAndSortingRepository, count=1
Event: 33.801 Thread 0x00000256614ec9f0 redefined class name=com.smartprocessrefusao.erprefusao.repositories.CityRepository, count=1
Event: 33.872 Thread 0x00000256614ec9f0 redefined class name=com.smartprocessrefusao.erprefusao.repositories.PeopleRepository, count=1
Event: 33.921 Thread 0x00000256614ec9f0 redefined class name=com.smartprocessrefusao.erprefusao.repositories.EmployeeRepository, count=1
Event: 34.047 Thread 0x00000256614ec9f0 redefined class name=com.smartprocessrefusao.erprefusao.projections.AddressProjection, count=1
Event: 34.113 Thread 0x00000256614ec9f0 redefined class name=com.smartprocessrefusao.erprefusao.repositories.SectorRepository, count=1
Event: 34.192 Thread 0x00000256614ec9f0 redefined class name=com.smartprocessrefusao.erprefusao.projections.EmployeeSectorProjection, count=1
Event: 34.251 Thread 0x00000256614ec9f0 redefined class name=com.smartprocessrefusao.erprefusao.projections.EmployeeReportProjection, count=1
Event: 34.302 Thread 0x00000256614ec9f0 redefined class name=com.smartprocessrefusao.erprefusao.repositories.UserRepository, count=1
Event: 34.352 Thread 0x00000256614ec9f0 redefined class name=com.smartprocessrefusao.erprefusao.repositories.RoleRepository, count=1
Event: 34.410 Thread 0x00000256614ec9f0 redefined class name=org.springframework.security.crypto.password.PasswordEncoder, count=1
Event: 34.458 Thread 0x00000256614ec9f0 redefined class name=java.lang.Object, count=1
Event: 34.458 Thread 0x00000256614ec9f0 redefined class name=com.smartprocessrefusao.erprefusao.util.CustomUserUtil, count=2
Event: 34.565 Thread 0x00000256614ec9f0 redefined class name=com.smartprocessrefusao.erprefusao.projections.UserDetailsProjection, count=2
Event: 34.656 Thread 0x00000256614ec9f0 redefined class name=com.smartprocessrefusao.erprefusao.repositories.MaterialGroupRepository, count=2
Event: 34.774 Thread 0x00000256614ec9f0 redefined class name=com.smartprocessrefusao.erprefusao.repositories.SupplierReceiptRepository, count=2
Event: 34.841 Thread 0x00000256614ec9f0 redefined class name=com.smartprocessrefusao.erprefusao.repositories.InputRepository, count=2
Event: 34.899 Thread 0x00000256614ec9f0 redefined class name=com.smartprocessrefusao.erprefusao.repositories.PartnerRepository, count=2
Event: 204.582 Thread 0x00000256614ec9f0 redefined class name=com.smartprocessrefusao.erprefusao.services.SupplierReceiptServiceTest, count=2

Internal exceptions (20 events):
Event: 10.388 Thread 0x0000025645cf0b20 Exception <a 'java/lang/IncompatibleClassChangeError'{0x000000070c720318}: Found class java.lang.Object, but interface was expected> (0x000000070c720318) 
thrown [s\src\hotspot\share\interpreter\linkResolver.cpp, line 840]
Event: 10.634 Thread 0x0000025645cf0b20 Exception <a 'java/lang/NoSuchMethodError'{0x000000070c2147c8}: 'void java.lang.invoke.DirectMethodHandle$Holder.invokeSpecialIFC(java.lang.Object, java.lang.Object, int, java.lang.Object, java.lang.Object, java.lang.Object, java.lang.Object)'> (0x000000070c2147c8) 
thrown [s\src\hotspot\share\interpreter\linkResolver.cpp, line 773]
Event: 10.646 Thread 0x0000025645cf0b20 Exception <a 'java/lang/IncompatibleClassChangeError'{0x000000070c0676d8}: Found class java.lang.Object, but interface was expected> (0x000000070c0676d8) 
thrown [s\src\hotspot\share\interpreter\linkResolver.cpp, line 840]
Event: 11.365 Thread 0x0000025645cf0b20 Exception <a 'java/lang/NoSuchMethodError'{0x000000070b926988}: 'void java.lang.invoke.Invokers$Holder.invoke_MT(java.lang.Object, java.lang.Object, java.lang.Object, java.lang.Object)'> (0x000000070b926988) 
thrown [s\src\hotspot\share\interpreter\linkResolver.cpp, line 773]
Event: 11.379 Thread 0x0000025645cf0b20 Exception <a 'java/lang/NoSuchMethodError'{0x000000070b7992d0}: 'int java.lang.invoke.DirectMethodHandle$Holder.invokeStatic(java.lang.Object, java.lang.Object, int, int)'> (0x000000070b7992d0) 
thrown [s\src\hotspot\share\interpreter\linkResolver.cpp, line 773]
Event: 15.037 Thread 0x0000025645cf0b20 Exception <a 'java/lang/IncompatibleClassChangeError'{0x0000000709e32448}: Found class java.lang.Object, but interface was expected> (0x0000000709e32448) 
thrown [s\src\hotspot\share\interpreter\linkResolver.cpp, line 840]
Event: 26.836 Thread 0x0000025645cf0b20 Implicit null exception at 0x0000025651681997 to 0x0000025651681ff1
Event: 27.727 Thread 0x0000025645cf0b20 Exception <a 'java/lang/NoSuchMethodError'{0x000000070a4cadb8}: 'double java.lang.invoke.DirectMethodHandle$Holder.invokeVirtual(java.lang.Object, java.lang.Object)'> (0x000000070a4cadb8) 
thrown [s\src\hotspot\share\interpreter\linkResolver.cpp, line 773]
Event: 27.728 Thread 0x0000025645cf0b20 Exception <a 'java/lang/NoSuchMethodError'{0x000000070a4d27a8}: 'double java.lang.invoke.DelegatingMethodHandle$Holder.reinvoke_L(java.lang.Object, java.lang.Object)'> (0x000000070a4d27a8) 
thrown [s\src\hotspot\share\interpreter\linkResolver.cpp, line 773]
Event: 33.769 Thread 0x0000025645cf0b20 Exception <a 'java/lang/IncompatibleClassChangeError'{0x000000070c9c8f58}: Found class java.lang.Object, but interface was expected> (0x000000070c9c8f58) 
thrown [s\src\hotspot\share\interpreter\linkResolver.cpp, line 840]
Event: 33.782 Thread 0x0000025645cf0b20 Exception <a 'java/lang/NoSuchMethodError'{0x000000070c6f2858}: 'java.lang.Object java.lang.invoke.DelegatingMethodHandle$Holder.reinvoke_L(java.lang.Object, java.lang.Object, java.lang.Object, java.lang.Object, java.lang.Object, int, int, java.lang.Object)'> (0x000000070c6f2858) 
thrown [s\src\hotspot\share\interpreter\linkResolver.cpp, line 773]
Event: 33.987 Thread 0x0000025645cf0b20 Exception <a 'java/lang/IncompatibleClassChangeError'{0x000000070bb41f68}: Found class java.lang.Object, but interface was expected> (0x000000070bb41f68) 
thrown [s\src\hotspot\share\interpreter\linkResolver.cpp, line 840]
Event: 34.073 Thread 0x0000025645cf0b20 Implicit null exception at 0x0000025651edec2c to 0x0000025651edf6a4
Event: 34.140 Thread 0x0000025645cf0b20 Implicit null exception at 0x0000025651ef9115 to 0x0000025651ef99d8
Event: 34.216 Thread 0x0000025645cf0b20 Implicit null exception at 0x0000025651efa915 to 0x0000025651efb1d8
Event: 34.276 Thread 0x0000025645cf0b20 Implicit null exception at 0x0000025651f0d395 to 0x0000025651f0dc58
Event: 34.327 Thread 0x0000025645cf0b20 Implicit null exception at 0x0000025651f10b95 to 0x0000025651f11458
Event: 34.335 Thread 0x0000025645cf0b20 Implicit null exception at 0x0000025651f14a15 to 0x0000025651f152d8
Event: 34.434 Thread 0x0000025645cf0b20 Exception <a 'java/lang/NoSuchMethodError'{0x000000070a376040}: 'void java.lang.invoke.DirectMethodHandle$Holder.invokeSpecial(java.lang.Object, java.lang.Object, java.lang.Object, java.lang.Object, java.lang.Object, java.lang.Object, java.lang.Object, java.lang.Object, java.lang.Object)'> (0x000000070a376040) 
thrown [s\src\hotspot\share\interpreter\linkResolver.cpp, line 773]
Event: 34.434 Thread 0x0000025645cf0b20 Exception <a 'java/lang/NoSuchMethodError'{0x000000070a379ef8}: 'void java.lang.invoke.DelegatingMethodHandle$Holder.reinvoke_L(java.lang.Object, java.lang.Object, java.lang.Object, java.lang.Object, java.lang.Object, java.lang.Object, java.lang.Object, java.lang.Object)'> (0x000000070a379ef8) 
thrown [s\src\hotspot\share\interpreter\linkResolver.cpp, line 773]

ZGC Phase Switch (0 events):
No events

VM Operations (20 events):
Event: 55.851 Executing VM operation: ChangeBreakpoints
Event: 55.856 Executing VM operation: ChangeBreakpoints done
Event: 60.258 Executing VM operation: HandshakeAllThreads (HandshakeForDeflation)
Event: 60.259 Executing VM operation: HandshakeAllThreads (HandshakeForDeflation) done
Event: 60.259 Executing VM operation: RendezvousGCThreads
Event: 60.259 Executing VM operation: RendezvousGCThreads done
Event: 116.960 Executing VM operation: ChangeBreakpoints
Event: 116.960 Executing VM operation: ChangeBreakpoints done
Event: 123.099 Executing VM operation: ChangeBreakpoints
Event: 123.104 Executing VM operation: ChangeBreakpoints done
Event: 204.547 Executing VM operation: ChangeSingleStep
Event: 204.547 Executing VM operation: ChangeSingleStep done
Event: 204.547 Executing VM operation: ChangeSingleStep
Event: 204.547 Executing VM operation: ChangeSingleStep done
Event: 204.562 Executing VM operation: RedefineClasses
Event: 204.611 Executing VM operation: RedefineClasses done
Event: 204.660 Executing VM operation: ChangeBreakpoints
Event: 204.664 Executing VM operation: ChangeBreakpoints done
Event: 204.666 Executing VM operation: ChangeSingleStep
Event: 204.666 Executing VM operation: ChangeSingleStep done

Memory protections (0 events):
No events

Nmethod flushes (20 events):
Event: 9.376 Thread 0x00000256614ec9f0 flushing  nmethod 0x000002564aa89c90
Event: 9.376 Thread 0x00000256614ec9f0 flushing  nmethod 0x000002564aa8b710
Event: 9.376 Thread 0x00000256614ec9f0 flushing  nmethod 0x000002564aa9f990
Event: 9.376 Thread 0x00000256614ec9f0 flushing  nmethod 0x000002564aae0d10
Event: 9.376 Thread 0x00000256614ec9f0 flushing  nmethod 0x000002564aae1210
Event: 9.376 Thread 0x00000256614ec9f0 flushing  nmethod 0x000002564aae1690
Event: 9.376 Thread 0x00000256614ec9f0 flushing  nmethod 0x000002564aae1c10
Event: 9.376 Thread 0x00000256614ec9f0 flushing  nmethod 0x000002564aae2290
Event: 9.376 Thread 0x00000256614ec9f0 flushing  nmethod 0x000002564aae3490
Event: 9.376 Thread 0x00000256614ec9f0 flushing osr nmethod 0x000002564aae3b10
Event: 9.376 Thread 0x00000256614ec9f0 flushing  nmethod 0x000002564aae4a10
Event: 9.376 Thread 0x00000256614ec9f0 flushing  nmethod 0x000002564aae5690
Event: 9.376 Thread 0x00000256614ec9f0 flushing  nmethod 0x000002564aae6010
Event: 9.376 Thread 0x00000256614ec9f0 flushing  nmethod 0x000002564aae6590
Event: 9.376 Thread 0x00000256614ec9f0 flushing  nmethod 0x000002564aae7090
Event: 9.376 Thread 0x00000256614ec9f0 flushing  nmethod 0x000002564aae7b10
Event: 9.376 Thread 0x00000256614ec9f0 flushing  nmethod 0x000002564aae9610
Event: 9.376 Thread 0x00000256614ec9f0 flushing  nmethod 0x000002564aae9a10
Event: 9.376 Thread 0x00000256614ec9f0 flushing  nmethod 0x000002564ab0fb10
Event: 9.376 Thread 0x00000256614ec9f0 flushing  nmethod 0x000002564ab11490

Events (20 events):
Event: 10.884 Thread 0x00000256712dd120 Thread exited: 0x00000256712dd120
Event: 23.673 Thread 0x0000025661749910 Thread added: 0x00000256712e07a0
Event: 23.893 Thread 0x00000256712e07a0 Thread exited: 0x00000256712e07a0
Event: 33.746 Thread 0x0000025661580030 Thread added: 0x00000256712e0e70
Event: 33.769 Thread 0x0000025661749910 Thread added: 0x00000256712e3080
Event: 34.374 Thread 0x00000256712e3080 Thread added: 0x00000256712e29b0
Event: 34.490 Thread 0x0000025661749910 Thread added: 0x00000256675ca270
Event: 34.490 Thread 0x0000025661749910 Thread added: 0x00000256717c1960
Event: 34.491 Thread 0x0000025661580030 Thread added: 0x00000256717bf080
Event: 34.491 Thread 0x0000025661749910 Thread added: 0x00000256717c2dd0
Event: 39.975 Thread 0x00000256676813d0 Thread exited: 0x00000256676813d0
Event: 40.393 Thread 0x00000256717c2dd0 Thread exited: 0x00000256717c2dd0
Event: 44.975 Thread 0x00000256717bf080 Thread exited: 0x00000256717bf080
Event: 44.975 Thread 0x00000256617920c0 Thread exited: 0x00000256617920c0
Event: 44.975 Thread 0x0000025661749910 Thread exited: 0x0000025661749910
Event: 49.984 Thread 0x00000256717c1960 Thread exited: 0x00000256717c1960
Event: 49.984 Thread 0x00000256675ca270 Thread exited: 0x00000256675ca270
Event: 49.984 Thread 0x00000256712e29b0 Thread exited: 0x00000256712e29b0
Event: 54.986 Thread 0x00000256712e3080 Thread exited: 0x00000256712e3080
Event: 59.992 Thread 0x00000256712e0e70 Thread exited: 0x00000256712e0e70


Dynamic libraries:
0x00007ff6d9a20000 - 0x00007ff6d9a2e000 	C:\CURSO DEVSUPERIOR\SPRING BOOT\sts-4.26.0.RELEASE\plugins\org.eclipse.justj.openjdk.hotspot.jre.full.win32.x86_64_21.0.4.v20240802-1551\jre\bin\javaw.exe
0x00007fffd1be0000 - 0x00007fffd1e49000 	C:\WINDOWS\SYSTEM32\ntdll.dll
0x00007fffd0a10000 - 0x00007fffd0ad9000 	C:\WINDOWS\System32\KERNEL32.DLL
0x00007fffcefa0000 - 0x00007fffcf393000 	C:\WINDOWS\System32\KERNELBASE.dll
0x00007fffcf3a0000 - 0x00007fffcf4eb000 	C:\WINDOWS\System32\ucrtbase.dll
0x00007fffa86e0000 - 0x00007fffa86f8000 	C:\CURSO DEVSUPERIOR\SPRING BOOT\sts-4.26.0.RELEASE\plugins\org.eclipse.justj.openjdk.hotspot.jre.full.win32.x86_64_21.0.4.v20240802-1551\jre\bin\jli.dll
0x00007fffa7bb0000 - 0x00007fffa7bcb000 	C:\CURSO DEVSUPERIOR\SPRING BOOT\sts-4.26.0.RELEASE\plugins\org.eclipse.justj.openjdk.hotspot.jre.full.win32.x86_64_21.0.4.v20240802-1551\jre\bin\VCRUNTIME140.dll
0x00007fffd0140000 - 0x00007fffd0304000 	C:\WINDOWS\System32\USER32.dll
0x00007fffcf620000 - 0x00007fffcf647000 	C:\WINDOWS\System32\win32u.dll
0x00007fffd0f90000 - 0x00007fffd0fbb000 	C:\WINDOWS\System32\GDI32.dll
0x00007fffb48a0000 - 0x00007fffb4b33000 	C:\WINDOWS\WinSxS\amd64_microsoft.windows.common-controls_6595b64144ccf1df_6.0.26100.5074_none_3e0d6f78e32fd63f\COMCTL32.dll
0x00007fffcf4f0000 - 0x00007fffcf61d000 	C:\WINDOWS\System32\gdi32full.dll
0x00007fffd1af0000 - 0x00007fffd1b99000 	C:\WINDOWS\System32\msvcrt.dll
0x00007fffceef0000 - 0x00007fffcef93000 	C:\WINDOWS\System32\msvcp_win.dll
0x00007fffd0e60000 - 0x00007fffd0e8f000 	C:\WINDOWS\System32\IMM32.DLL
0x00007fffa7ba0000 - 0x00007fffa7bac000 	C:\CURSO DEVSUPERIOR\SPRING BOOT\sts-4.26.0.RELEASE\plugins\org.eclipse.justj.openjdk.hotspot.jre.full.win32.x86_64_21.0.4.v20240802-1551\jre\bin\vcruntime140_1.dll
0x00007fff93380000 - 0x00007fff9340e000 	C:\CURSO DEVSUPERIOR\SPRING BOOT\sts-4.26.0.RELEASE\plugins\org.eclipse.justj.openjdk.hotspot.jre.full.win32.x86_64_21.0.4.v20240802-1551\jre\bin\msvcp140.dll
0x00007ffef6e70000 - 0x00007ffef7bf8000 	C:\CURSO DEVSUPERIOR\SPRING BOOT\sts-4.26.0.RELEASE\plugins\org.eclipse.justj.openjdk.hotspot.jre.full.win32.x86_64_21.0.4.v20240802-1551\jre\bin\server\jvm.dll
0x00007fffd1160000 - 0x00007fffd1214000 	C:\WINDOWS\System32\ADVAPI32.dll
0x00007fffd0900000 - 0x00007fffd09a6000 	C:\WINDOWS\System32\sechost.dll
0x00007fffd0be0000 - 0x00007fffd0cf8000 	C:\WINDOWS\System32\RPCRT4.dll
0x00007fffcff50000 - 0x00007fffcffc4000 	C:\WINDOWS\System32\WS2_32.dll
0x00007fffce5f0000 - 0x00007fffce64e000 	C:\WINDOWS\SYSTEM32\POWRPROF.dll
0x00007fffc1180000 - 0x00007fffc118b000 	C:\WINDOWS\SYSTEM32\VERSION.dll
0x00007fffc1230000 - 0x00007fffc1265000 	C:\WINDOWS\SYSTEM32\WINMM.dll
0x00007fffce580000 - 0x00007fffce594000 	C:\WINDOWS\SYSTEM32\UMPDC.dll
0x00007fffcdb50000 - 0x00007fffcdb6b000 	C:\WINDOWS\SYSTEM32\kernel.appcore.dll
0x00007fffc87b0000 - 0x00007fffc87ba000 	C:\CURSO DEVSUPERIOR\SPRING BOOT\sts-4.26.0.RELEASE\plugins\org.eclipse.justj.openjdk.hotspot.jre.full.win32.x86_64_21.0.4.v20240802-1551\jre\bin\jimage.dll
0x00007fffcc190000 - 0x00007fffcc3d2000 	C:\WINDOWS\SYSTEM32\DBGHELP.DLL
0x00007fffd0310000 - 0x00007fffd068b000 	C:\WINDOWS\System32\combase.dll
0x00007fffd0060000 - 0x00007fffd0137000 	C:\WINDOWS\System32\OLEAUT32.dll
0x00007fffb0970000 - 0x00007fffb09ad000 	C:\WINDOWS\SYSTEM32\dbgcore.DLL
0x00007fffcf850000 - 0x00007fffcf8e9000 	C:\WINDOWS\System32\bcryptPrimitives.dll
0x00007fffc5fa0000 - 0x00007fffc5fdc000 	C:\CURSO DEVSUPERIOR\SPRING BOOT\sts-4.26.0.RELEASE\plugins\org.eclipse.justj.openjdk.hotspot.jre.full.win32.x86_64_21.0.4.v20240802-1551\jre\bin\jdwp.dll
0x00007fffa6a30000 - 0x00007fffa6a3f000 	C:\CURSO DEVSUPERIOR\SPRING BOOT\sts-4.26.0.RELEASE\plugins\org.eclipse.justj.openjdk.hotspot.jre.full.win32.x86_64_21.0.4.v20240802-1551\jre\bin\instrument.dll
0x00007fffc8780000 - 0x00007fffc879f000 	C:\CURSO DEVSUPERIOR\SPRING BOOT\sts-4.26.0.RELEASE\plugins\org.eclipse.justj.openjdk.hotspot.jre.full.win32.x86_64_21.0.4.v20240802-1551\jre\bin\java.dll
0x00007fffc8440000 - 0x00007fffc8458000 	C:\CURSO DEVSUPERIOR\SPRING BOOT\sts-4.26.0.RELEASE\plugins\org.eclipse.justj.openjdk.hotspot.jre.full.win32.x86_64_21.0.4.v20240802-1551\jre\bin\zip.dll
0x00007fffd1350000 - 0x00007fffd1a9d000 	C:\WINDOWS\System32\SHELL32.dll
0x00007fffcf650000 - 0x00007fffcf7bc000 	C:\WINDOWS\System32\wintypes.dll
0x00007fffcc9c0000 - 0x00007fffcd219000 	C:\WINDOWS\SYSTEM32\windows.storage.dll
0x00007fffd0ae0000 - 0x00007fffd0bd0000 	C:\WINDOWS\System32\SHCORE.dll
0x00007fffd12e0000 - 0x00007fffd1342000 	C:\WINDOWS\System32\shlwapi.dll
0x00007fffcec90000 - 0x00007fffcecb9000 	C:\WINDOWS\SYSTEM32\profapi.dll
0x00007fffa6a20000 - 0x00007fffa6a2b000 	C:\CURSO DEVSUPERIOR\SPRING BOOT\sts-4.26.0.RELEASE\plugins\org.eclipse.justj.openjdk.hotspot.jre.full.win32.x86_64_21.0.4.v20240802-1551\jre\bin\dt_socket.dll
0x00007fffcd530000 - 0x00007fffcd564000 	C:\WINDOWS\SYSTEM32\IPHLPAPI.DLL
0x00007fffce0d0000 - 0x00007fffce13b000 	C:\WINDOWS\system32\mswsock.dll
0x00007fffcd5c0000 - 0x00007fffcd6e6000 	C:\WINDOWS\SYSTEM32\DNSAPI.dll
0x00007fffd08f0000 - 0x00007fffd08fa000 	C:\WINDOWS\System32\NSI.dll
0x00007fffc7040000 - 0x00007fffc704b000 	C:\Windows\System32\rasadhlp.dll
0x00007fffc5ab0000 - 0x00007fffc5b36000 	C:\WINDOWS\System32\fwpuclnt.dll
0x00007fffbb300000 - 0x00007fffbb310000 	C:\CURSO DEVSUPERIOR\SPRING BOOT\sts-4.26.0.RELEASE\plugins\org.eclipse.justj.openjdk.hotspot.jre.full.win32.x86_64_21.0.4.v20240802-1551\jre\bin\net.dll
0x00007fffc7050000 - 0x00007fffc716f000 	C:\WINDOWS\SYSTEM32\WINHTTP.dll
0x00007fffa8700000 - 0x00007fffa8716000 	C:\CURSO DEVSUPERIOR\SPRING BOOT\sts-4.26.0.RELEASE\plugins\org.eclipse.justj.openjdk.hotspot.jre.full.win32.x86_64_21.0.4.v20240802-1551\jre\bin\nio.dll
0x00007fffbb2f0000 - 0x00007fffbb300000 	C:\CURSO DEVSUPERIOR\SPRING BOOT\sts-4.26.0.RELEASE\plugins\org.eclipse.justj.openjdk.hotspot.jre.full.win32.x86_64_21.0.4.v20240802-1551\jre\bin\verify.dll
0x00007fffa7b90000 - 0x00007fffa7b99000 	C:\CURSO DEVSUPERIOR\SPRING BOOT\sts-4.26.0.RELEASE\plugins\org.eclipse.justj.openjdk.hotspot.jre.full.win32.x86_64_21.0.4.v20240802-1551\jre\bin\extnet.dll
0x00007fffbaff0000 - 0x00007fffbaffe000 	C:\CURSO DEVSUPERIOR\SPRING BOOT\sts-4.26.0.RELEASE\plugins\org.eclipse.justj.openjdk.hotspot.jre.full.win32.x86_64_21.0.4.v20240802-1551\jre\bin\sunmscapi.dll
0x00007fffced70000 - 0x00007fffceee7000 	C:\WINDOWS\System32\CRYPT32.dll
0x00007fffce6b0000 - 0x00007fffce6e0000 	C:\WINDOWS\SYSTEM32\ncrypt.dll
0x00007fffce660000 - 0x00007fffce69f000 	C:\WINDOWS\SYSTEM32\NTASN1.dll
0x00007fffce370000 - 0x00007fffce38b000 	C:\WINDOWS\SYSTEM32\CRYPTSP.dll
0x00007fffcdab0000 - 0x00007fffcdaeb000 	C:\WINDOWS\system32\rsaenh.dll
0x00007fffce170000 - 0x00007fffce19b000 	C:\WINDOWS\SYSTEM32\USERENV.dll
0x00007fffcec60000 - 0x00007fffcec86000 	C:\WINDOWS\SYSTEM32\bcrypt.dll
0x00007fffce390000 - 0x00007fffce39c000 	C:\WINDOWS\SYSTEM32\CRYPTBASE.dll
0x00007fffa7b80000 - 0x00007fffa7b8a000 	C:\CURSO DEVSUPERIOR\SPRING BOOT\sts-4.26.0.RELEASE\plugins\org.eclipse.justj.openjdk.hotspot.jre.full.win32.x86_64_21.0.4.v20240802-1551\jre\bin\management.dll
0x00007fffa69e0000 - 0x00007fffa69eb000 	C:\CURSO DEVSUPERIOR\SPRING BOOT\sts-4.26.0.RELEASE\plugins\org.eclipse.justj.openjdk.hotspot.jre.full.win32.x86_64_21.0.4.v20240802-1551\jre\bin\management_ext.dll
0x00007fffd0ea0000 - 0x00007fffd0ea8000 	C:\WINDOWS\System32\PSAPI.DLL

dbghelp: loaded successfully - version: 4.0.5 - missing functions: none
symbol engine: initialized successfully - sym options: 0x614 - pdb path: .;C:\CURSO DEVSUPERIOR\SPRING BOOT\sts-4.26.0.RELEASE\plugins\org.eclipse.justj.openjdk.hotspot.jre.full.win32.x86_64_21.0.4.v20240802-1551\jre\bin;C:\WINDOWS\SYSTEM32;C:\WINDOWS\WinSxS\amd64_microsoft.windows.common-controls_6595b64144ccf1df_6.0.26100.5074_none_3e0d6f78e32fd63f;C:\CURSO DEVSUPERIOR\SPRING BOOT\sts-4.26.0.RELEASE\plugins\org.eclipse.justj.openjdk.hotspot.jre.full.win32.x86_64_21.0.4.v20240802-1551\jre\bin\server

VM Arguments:
jvm_args: -XX:+ShowCodeDetailsInExceptionMessages -agentlib:jdwp=transport=dt_socket,suspend=y,address=localhost:51548 -ea -javaagent:C:\CURSO DEVSUPERIOR\SPRING BOOT\sts-4.26.0.RELEASE\configuration\org.eclipse.osgi\271\0\.cp\lib\javaagent-shaded.jar -Dfile.encoding=UTF-8 -Dstdout.encoding=UTF-8 -Dstderr.encoding=UTF-8 
java_command: org.eclipse.jdt.internal.junit.runner.RemoteTestRunner -version 3 -port 51547 -testLoaderClass org.eclipse.jdt.internal.junit5.runner.JUnit5TestLoader -loaderpluginname org.eclipse.jdt.junit5.runtime -packageNameFile C:\Users\lucia\AppData\Local\Temp\packageNames15799746416372752724.txt
java_class_path (initial): C:\Users\lucia\OneDrive\0 - PROJETO ERP REFUSO\ERP REFUSAO V.0\erprefusao\erprefusao\backend\target\test-classes;C:\Users\lucia\OneDrive\0 - PROJETO ERP REFUSO\ERP REFUSAO V.0\erprefusao\erprefusao\backend\target\classes;C:\Users\lucia\.m2\repository\org\springframework\boot\spring-boot-starter-data-jpa\3.4.4\spring-boot-starter-data-jpa-3.4.4.jar;C:\Users\lucia\.m2\repository\org\springframework\boot\spring-boot-starter\3.4.4\spring-boot-starter-3.4.4.jar;C:\Users\lucia\.m2\repository\org\springframework\boot\spring-boot\3.4.4\spring-boot-3.4.4.jar;C:\Users\lucia\.m2\repository\org\springframework\boot\spring-boot-autoconfigure\3.4.4\spring-boot-autoconfigure-3.4.4.jar;C:\Users\lucia\.m2\repository\org\springframework\boot\spring-boot-starter-logging\3.4.4\spring-boot-starter-logging-3.4.4.jar;C:\Users\lucia\.m2\repository\ch\qos\logback\logback-classic\1.5.18\logback-classic-1.5.18.jar;C:\Users\lucia\.m2\repository\ch\qos\logback\logback-core\1.5.18\logback-core-1.5.18.jar;C:\Users\lucia\.m2\repository\org\apache\logging\log4j\log4j-to-slf4j\2.24.3\log4j-to-slf4j-2.24.3.jar;C:\Users\lucia\.m2\repository\org\apache\logging\log4j\log4j-api\2.24.3\log4j-api-2.24.3.jar;C:\Users\lucia\.m2\repository\org\slf4j\jul-to-slf4j\2.0.17\jul-to-slf4j-2.0.17.jar;C:\Users\lucia\.m2\repository\jakarta\annotation\jakarta.annotation-api\2.1.1\jakarta.annotation-api-2.1.1.jar;C:\Users\lucia\.m2\repository\org\yaml\snakeyaml\2.3\snakeyaml-2.3.jar;C:\Users\lucia\.m2\repository\org\springframework\boot\spring-boot-starter-jdbc\3.4.4\spring-boot-starter-jdbc-3.4.4.jar;C:\Users\lucia\.m2\repository\com\zaxxer\HikariCP\5.1.0\HikariCP-5.1.0.jar;C:\Users\lucia\.m2\repository\org\springframework\spring-jdbc\6.2.5\spring-jdbc-6.2.5.jar;C:\Users\lucia\.m2\repository\org\hibernate\orm\hibernate-core\6.6.11.Final\hibernate-core-6.6.11.Final.jar;C:\Users\lucia\.m2\repository\jakarta\persistence\jakarta.persistence-api\3.1.0\jakarta.persistence-api-3.1.0.jar;C:\Users\lucia\.m2\repository\jakarta\transaction\jakarta.transaction-api\2.0.1\jakarta.transaction-api-2.0.1.jar;C:\Users\lucia\.m2\repository\org\hibernate\common\hibernate-commons-annotations\7.0.3.Final\hibernate-commons-annotations-7.0.3.Final.jar;C:\Users\lucia\.m2\repository\io\smallrye\jandex\3.2.0\jandex-3.2.0.jar;C:\Users\lucia\.m2\repository\net\bytebuddy\byte-buddy\1.15.11\byte-buddy-1.15.11.jar;C:\Users\lucia\.m2\repository\org\glassfish\jaxb\jaxb-runtime\4.0.5\jaxb-runtime-4.0.5.jar;C:\Users\lucia\.m2\repository\org\glassfish\jaxb\jaxb-core\4.0.5\jaxb-core-4.0.5.jar;C:\Users\lucia\.m2\repository\org\eclipse\angus\angus-activation\2.0.2\angus-activation-2.0.2.jar;C:\Users\lucia\.m2\repository\org\glassfish\jaxb\txw2\4.0.5\txw2-4.0.5.jar;C:\Users\lucia\.m2\repository\com\sun\istack\istack-commons-runtime\4.1.2\istack-commons-runtime-4.1.2.jar;C:\Users\lucia\.m2\repository\jakarta\inject\jakarta.inject-api\2.0.1\jakarta.inject-api-2.0.1.jar;C:\Users\lucia\.m2\repository\org\antlr\antlr4-runtime\4.13.0\antlr4-runtime-4.13.0.jar;C:\Users\lucia\.m2\repository\org\springframework\data\spring-data-jpa\3.4.4\spring-data-jpa-3.4.4.jar;C:\Users\lucia\.m2\repository\org\springframework\data\spring-data-commons\3.4.4\spring-data-commons-3.4.4.jar;C:\Users\lucia\.m2\repository\org\springframework\spring-orm\6.2.5\spring-orm-6.2.5.jar;C:\Users\lucia\.m2\repository\org\springframework\spring-context\6.2.5\spring-context-6.2.5.jar;C:\Users\lucia\.m2\repository\org\springframework\spring-tx\6.2.5\spring-tx-6.2.5.jar;C:\Users\lucia\.m2\repository\org\springframework\spring-beans\6.2.5\spring-beans-6.2.5.jar;C:\Users\lucia\.m2\repository\org\slf4j\slf4j-api\2.0.17\slf4j-api-2.0.17.jar;C:\Users\lucia\.m2\repository\org\springframework\spring-aspects\6.2.5\spring-aspects-6.2.5.jar;C:\Users\lucia\.m2\repository\org\aspectj\aspectjweaver\1.9.23\aspectjweaver-1.9.23.jar;C:\Users\lucia\.m2\repository\org\springframework\boot\spring-boot-starter-web\3.4.4\spring-boot-starter-web-3.4.4.jar;C:\Users\lucia\.m2\repository\org\springframework\boot\spring-boot-starter-json\3.4.4\spring-boot-starter-json-3.4.4.jar;C:\Users\lucia\.m2\repository\com\fasterxml\jackson\datatype\jackson-datatype-jdk8\2.18.3\jackson-datatype-jdk8-2.18.3.jar;C:\Users\lucia\.m2\repository\com\fasterxml\jackson\datatype\jackson-datatype-jsr310\2.18.3\jackson-datatype-jsr310-2.18.3.jar;C:\Users\lucia\.m2\repository\com\fasterxml\jackson\module\jackson-module-parameter-names\2.18.3\jackson-module-parameter-names-2.18.3.jar;C:\Users\lucia\.m2\repository\org\springframework\boot\spring-boot-starter-tomcat\3.4.4\spring-boot-starter-tomcat-3.4.4.jar;C:\Users\lucia\.m2\repository\org\apache\tomcat\embed\tomcat-embed-core\10.1.39\tomcat-embed-core-10.1.39.jar;C:\Users\lucia\.m2\repository\org\apache\tomcat\embed\tomcat-embed-el\10.1.39\tomcat-embed-el-10.1.39.jar;C:\Users\lucia\.m2\repository\org\apache\tomcat\embed\tomcat-embed-websocket\10.1.39\tomcat-embed-websocket-10.1.39.jar;C:\Users\lucia\.m2\repository\org\springframework\spring-web\6.2.5\spring-web-6.2.5.jar;C:\Users\lucia\.m2\repository\io\micrometer\micrometer-observation\1.14.5\micrometer-observation-1.14.5.jar;C:\Users\lucia\.m2\repository\io\micrometer\micrometer-commons\1.14.5\micrometer-commons-1.14.5.jar;C:\Users\lucia\.m2\repository\org\springframework\spring-webmvc\6.2.5\spring-webmvc-6.2.5.jar;C:\Users\lucia\.m2\repository\org\springframework\spring-expression\6.2.5\spring-expression-6.2.5.jar;C:\Users\lucia\.m2\repository\com\h2database\h2\2.3.232\h2-2.3.232.jar;C:\Users\lucia\.m2\repository\com\mysql\mysql-connector-j\9.1.0\mysql-connector-j-9.1.0.jar;C:\Users\lucia\.m2\repository\org\postgresql\postgresql\42.7.5\postgresql-42.7.5.jar;C:\Users\lucia\.m2\repository\org\checkerframework\checker-qual\3.48.3\checker-qual-3.48.3.jar;C:\Users\lucia\.m2\repository\org\springframework\boot\spring-boot-starter-test\3.4.4\spring-boot-starter-test-3.4.4.jar;C:\Users\lucia\.m2\repository\org\springframework\boot\spring-boot-test\3.4.4\spring-boot-test-3.4.4.jar;C:\Users\lucia\.m2\repository\org\springframework\boot\spring-boot-test-autoconfigure\3.4.4\spring-boot-test-autoconfigure-3.4.4.jar;C:\Users\lucia\.m2\repository\com\jayway\jsonpath\json-path\2.9.0\json-path-2.9.0.jar;C:\Users\lucia\.m2\repository\jakarta\xml\bind\jakarta.xml.bind-api\4.0.2\jakarta.xml.bind-api-4.0.2.jar;C:\Users\lucia\.m2\repository\jakarta\activation\jakarta.activation-api\2.1.3\jakarta.activation-api-2.1.3.jar;C:\Users\lucia\.m2\repository\net\minidev\json-smart\2.5.2\json-smart-2.5.2.jar;C:\Users\lucia\.m2\repository\net\minidev\accessors-smart\2.5.2\accessors-smart-2.5.2.jar;C:\Users\lucia\.m2\repository\org\ow2\asm\asm\9.7.1\asm-9.7.1.jar;C:\Users\lucia\.m2\repository\org\assertj\assertj-core\3.26.3\assertj-core-3.26.3.jar;C:\Users\lucia\.m2\repository\org\awaitility\awaitility\4.2.2\awaitility-4.2.2.jar;C:\Users\lucia\.m2\repository\org\hamcrest\hamcrest\2.2\hamcrest-2.2.jar;C:\Users\lucia\.m2\repository\org\junit\jupiter\junit-jupiter\5.11.4\junit-jupiter-5.11.4.jar;C:\Users\lucia\.m2\repository\org\junit\jupiter\junit-jupiter-api\5.11.4\junit-jupiter-api-5.11.4.jar;C:\Users\lucia\.m2\repository\org\opentest4j\opentest4j\1.3.0\opentest4j-1.3.0.jar;C:\Users\lucia\.m2\repository\org\junit\platform\junit-platform-commons\1.11.4\junit-platform-commons-1.11.4.jar;C:\Users\lucia\.m2\repository\org\apiguardian\apiguardian-api\1.1.2\apiguardian-api-1.1.2.jar;C:\Users\lucia\.m2\repository\org\junit\jupiter\junit-jupiter-params\5.11.4\junit-jupiter-params-5.11.4.jar;C:\Users\lucia\.m2\repository\org\junit\jupiter\junit-jupiter-engine\5.11.4\junit-jupiter-engine-5.11.4.jar;C:\Users\lucia\.m2\repository\org\junit\platform\junit-platform-engine\1.11.4\junit-platform-engine-1.11.4.jar;C:\Users\lucia\.m2\repository\org\mockito\mockito-core\5.14.2\mockito-core-5.14.2.jar;C:\Users\lucia\.m2\repository\net\bytebuddy\byte-buddy-agent\1.15.11\byte-buddy-agent-1.15.11.jar;C:\Users\lucia\.m2\repository\org\objenesis\objenesis\3.3\objenesis-3.3.jar;C:\Users\lucia\.m2\repository\org\mockito\mockito-junit-jupiter\5.14.2\mockito-junit-jupiter-5.14.2.jar;C:\Users\lucia\.m2\repository\org\skyscreamer\jsonassert\1.5.3\jsonassert-1.5.3.jar;C:\Users\lucia\.m2\repository\com\vaadin\external\google\android-json\0.0.20131108.vaadin1\android-json-0.0.20131108.vaadin1.jar;C:\Users\lucia\.m2\repository\org\springframework\spring-core\6.2.5\spring-core-6.2.5.jar;C:\Users\lucia\.m2\repository\org\springframework\spring-jcl\6.2.5\spring-jcl-6.2.5.jar;C:\Users\lucia\.m2\repository\org\springframework\spring-test\6.2.5\spring-test-6.2.5.jar;C:\Users\lucia\.m2\repository\org\xmlunit\xmlunit-core\2.10.0\xmlunit-core-2.10.0.jar;C:\Users\lucia\.m2\repository\org\springframework\boot\spring-boot-starter-security\3.4.4\spring-boot-starter-security-3.4.4.jar;C:\Users\lucia\.m2\repository\org\springframework\spring-aop\6.2.5\spring-aop-6.2.5.jar;C:\Users\lucia\.m2\repository\org\springframework\security\spring-security-config\6.4.4\spring-security-config-6.4.4.jar;C:\Users\lucia\.m2\repository\org\springframework\security\spring-security-web\6.4.4\spring-security-web-6.4.4.jar;C:\Users\lucia\.m2\repository\jakarta\validation\jakarta.validation-api\3.0.2\jakarta.validation-api-3.0.2.jar;C:\Users\lucia\.m2\repository\org\hibernate\validator\hibernate-validator\8.0.2.Final\hibernate-validator-8.0.2.Final.jar;C:\Users\lucia\.m2\repository\org\jboss\logging\jboss-logging\3.6.1.Final\jboss-logging-3.6.1.Final.jar;C:\Users\lucia\.m2\repository\com\fasterxml\classmate\1.7.0\classmate-1.7.0.jar;C:\Users\lucia\.m2\repository\org\springframework\security\spring-security-test\6.4.4\spring-security-test-6.4.4.jar;C:\Users\lucia\.m2\repository\org\springframework\security\spring-security-core\6.4.4\spring-security-core-6.4.4.jar;C:\Users\lucia\.m2\repository\org\springframework\security\spring-security-crypto\6.4.4\spring-security-crypto-6.4.4.jar;C:\Users\lucia\.m2\repository\org\springframework\security\spring-security-oauth2-authorization-server\1.4.2\spring-security-oauth2-authorization-server-1.4.2.jar;C:\Users\lucia\.m2\repository\org\springframework\security\spring-security-oauth2-core\6.4.4\spring-security-oauth2-core-6.4.4.jar;C:\Users\lucia\.m2\repository\org\springframework\security\spring-security-oauth2-jose\6.4.4\spring-security-oauth2-jose-6.4.4.jar;C:\Users\lucia\.m2\repository\org\springframework\security\spring-security-oauth2-resource-server\6.4.4\spring-security-oauth2-resource-server-6.4.4.jar;C:\Users\lucia\.m2\repository\com\nimbusds\nimbus-jose-jwt\9.47\nimbus-jose-jwt-9.47.jar;C:\Users\lucia\.m2\repository\com\fasterxml\jackson\core\jackson-databind\2.18.3\jackson-databind-2.18.3.jar;C:\Users\lucia\.m2\repository\com\fasterxml\jackson\core\jackson-annotations\2.18.3\jackson-annotations-2.18.3.jar;C:\Users\lucia\.m2\repository\com\fasterxml\jackson\core\jackson-core\2.18.3\jackson-core-2.18.3.jar;C:\Users\lucia\.m2\repository\org\springframework\boot\spring-boot-starter-oauth2-resource-server\3.4.4\spring-boot-starter-oauth2-resource-server-3.4.4.jar;C:\Users\lucia\.m2\repository\io\rest-assured\rest-assured\5.5.1\rest-assured-5.5.1.jar;C:\Users\lucia\.m2\repository\org\apache\groovy\groovy\4.0.26\groovy-4.0.26.jar;C:\Users\lucia\.m2\repository\org\apache\groovy\groovy-xml\4.0.26\groovy-xml-4.0.26.jar;C:\Users\lucia\.m2\repository\org\apache\httpcomponents\httpclient\4.5.13\httpclient-4.5.13.jar;C:\Users\lucia\.m2\repository\org\apache\httpcomponents\httpcore\4.4.16\httpcore-4.4.16.jar;C:\Users\lucia\.m2\repository\commons-logging\commons-logging\1.2\commons-logging-1.2.jar;C:\Users\lucia\.m2\repository\commons-codec\commons-codec\1.17.2\commons-codec-1.17.2.jar;C:\Users\lucia\.m2\repository\org\apache\httpcomponents\httpmime\4.5.13\httpmime-4.5.13.jar;C:\Users\lucia\.m2\repository\org\ccil\cowan\tagsoup\tagsoup\1.2.1\tagsoup-1.2.1.jar;C:\Users\lucia\.m2\repository\io\rest-assured\json-path\5.5.1\json-path-5.5.1.jar;C:\Users\lucia\.m2\repository\org\apache\groovy\groovy-json\4.0.26\groovy-json-4.0.26.jar;C:\Users\lucia\.m2\repository\io\rest-assured\rest-assured-common\5.5.1\rest-assured-common-5.5.1.jar;C:\Users\lucia\.m2\repository\io\rest-assured\xml-path\5.5.1\xml-path-5.5.1.jar;C:\Users\lucia\.m2\repository\org\apache\commons\commons-lang3\3.17.0\commons-lang3-3.17.0.jar;C:\Users\lucia\.m2\repository\com\googlecode\json-simple\json-simple\1.1.1\json-simple-1.1.1.jar;C:\Users\lucia\.m2\repository\junit\junit\4.13.2\junit-4.13.2.jar;C:\Users\lucia\.m2\repository\org\hamcrest\hamcrest-core\2.2\hamcrest-core-2.2.jar;C:\Users\lucia\.m2\repository\org\junit\platform\junit-platform-launcher\1.11.4\junit-platform-launcher-1.11.4.jar;C:\CURSO DEVSUPERIOR\SPRING BOOT\sts-4.26.0.RELEASE\configuration\org.eclipse.osgi\270\0\.cp;C:\CURSO DEVSUPERIOR\SPRING BOOT\sts-4.26.0.RELEASE\configuration\org.eclipse.osgi\268\0\.cp
Launcher Type: SUN_STANDARD

[Global flags]
     intx CICompilerCount                          = 12                                        {product} {ergonomic}
     uint ConcGCThreads                            = 4                                         {product} {ergonomic}
     uint G1ConcRefinementThreads                  = 15                                        {product} {ergonomic}
   size_t G1HeapRegionSize                         = 2097152                                   {product} {ergonomic}
    uintx GCDrainStackTargetSize                   = 64                                        {product} {ergonomic}
   size_t InitialHeapSize                          = 264241152                                 {product} {ergonomic}
   size_t MarkStackSize                            = 4194304                                   {product} {ergonomic}
   size_t MaxHeapSize                              = 4223664128                                {product} {ergonomic}
   size_t MaxNewSize                               = 2533359616                                {product} {ergonomic}
   size_t MinHeapDeltaBytes                        = 2097152                                   {product} {ergonomic}
   size_t MinHeapSize                              = 8388608                                   {product} {ergonomic}
    uintx NonNMethodCodeHeapSize                   = 7602480                                {pd product} {ergonomic}
    uintx NonProfiledCodeHeapSize                  = 122027880                              {pd product} {ergonomic}
    uintx ProfiledCodeHeapSize                     = 122027880                              {pd product} {ergonomic}
    uintx ReservedCodeCacheSize                    = 251658240                              {pd product} {ergonomic}
     bool SegmentedCodeCache                       = true                                      {product} {ergonomic}
     bool ShowCodeDetailsInExceptionMessages       = true                                   {manageable} {command line}
   size_t SoftMaxHeapSize                          = 4223664128                             {manageable} {ergonomic}
     bool UseCompressedOops                        = true                           {product lp64_product} {ergonomic}
     bool UseG1GC                                  = true                                      {product} {ergonomic}
     bool UseLargePagesIndividualAllocation        = false                                  {pd product} {ergonomic}

Logging:
Log output configuration:
 #0: stdout all=warning uptime,level,tags foldmultilines=false
 #1: stderr all=off uptime,level,tags foldmultilines=false

Environment Variables:
PATH=C:\CURSO DEVSUPERIOR\SPRING BOOT\sts-4.26.0.RELEASE\plugins\org.eclipse.justj.openjdk.hotspot.jre.full.win32.x86_64_21.0.4.v20240802-1551\jre\bin;C:/CURSO DEVSUPERIOR/SPRING BOOT/sts-4.26.0.RELEASE//plugins/org.eclipse.justj.openjdk.hotspot.jre.full.win32.x86_64_21.0.4.v20240802-1551/jre/bin/server;C:/CURSO DEVSUPERIOR/SPRING BOOT/sts-4.26.0.RELEASE//plugins/org.eclipse.justj.openjdk.hotspot.jre.full.win32.x86_64_21.0.4.v20240802-1551/jre/bin;C:\Program Files\Common Files\Oracle\Java\javapath;C:\Windows\system32;C:\Windows;C:\Windows\System32\Wbem;C:\Windows\System32\WindowsPowerShell\v1.0\;C:\Windows\System32\OpenSSH\;C:\Program Files (x86)\NVIDIA Corporation\PhysX\Common;C:\Program Files\NVIDIA Corporation\NVIDIA NvDLISR;C:\Program Files (x86)\Microsoft SQL Server\160\Tools\Binn\;C:\Program Files\Microsoft SQL Server\160\Tools\Binn\;C:\Program Files\Microsoft SQL Server\Client SDK\ODBC\170\Tools\Binn\;C:\Program Files\Microsoft SQL Server\160\DTS\Binn\;C:\Program Files\Git\cmd;C:\Program Files\Docker\Docker\resources\bin;C:\Users\lucia\AppData\Local\nvm;C:\nvm4w\nodejs;C:\WINDOWS\system32;C:\WINDOWS;C:\WINDOWS\System32\Wbem;C:\WINDOWS\System32\WindowsPowerShell\v1.0\;C:\WINDOWS\System32\OpenSSH\;C:\Program Files\MySQL\MySQL Shell 8.0\bin\;C:\Users\lucia\AppData\Local\Microsoft\WindowsApps;C:\Users\lucia\AppData\Local\Programs\Microsoft VS Code\bin;C:\Users\lucia\AppData\Roaming\npm;C:\apache-maven-3.9.9\bin;C:\Users\lucia\AppData\Local\nvm;C:\nvm4w\nodejs;C:\Program Files\heroku\bin;;C:\CURSO DEVSUPERIOR\SPRING BOOT\sts-4.26.0.RELEASE;
USERNAME=lucia
OS=Windows_NT
PROCESSOR_IDENTIFIER=Intel64 Family 6 Model 186 Stepping 2, GenuineIntel
TMP=C:\Users\lucia\AppData\Local\Temp
TEMP=C:\Users\lucia\AppData\Local\Temp




Periodic native trim disabled

---------------  S Y S T E M  ---------------

OS:
 Windows 11 , 64 bit Build 26100 (10.0.26100.5074)
OS uptime: 13 days 18:36 hours
Hyper-V role detected

CPU: total 20 (initial active 20) (10 cores per cpu, 2 threads per core) family 6 model 186 stepping 2 microcode 0x410e, cx8, cmov, fxsr, ht, mmx, 3dnowpref, sse, sse2, sse3, ssse3, sse4.1, sse4.2, popcnt, lzcnt, tsc, tscinvbit, avx, avx2, aes, erms, clmul, bmi1, bmi2, adx, sha, fma, vzeroupper, clflush, clflushopt, clwb, hv, serialize, rdtscp, rdpid, fsrm, f16c, cet_ibt, cet_ss
Processor Information for processor 0
  Max Mhz: 2400, Current Mhz: 2400, Mhz Limit: 2400
Processor Information for processor 1
  Max Mhz: 2400, Current Mhz: 2400, Mhz Limit: 2400
Processor Information for processor 2
  Max Mhz: 2400, Current Mhz: 2400, Mhz Limit: 2400
Processor Information for processor 3
  Max Mhz: 2400, Current Mhz: 2400, Mhz Limit: 2400
Processor Information for processor 4
  Max Mhz: 2400, Current Mhz: 2400, Mhz Limit: 2400
Processor Information for processor 5
  Max Mhz: 2400, Current Mhz: 2400, Mhz Limit: 2400
Processor Information for processor 6
  Max Mhz: 2400, Current Mhz: 2400, Mhz Limit: 2400
Processor Information for processor 7
  Max Mhz: 2400, Current Mhz: 2400, Mhz Limit: 2400
Processor Information for processor 8
  Max Mhz: 2400, Current Mhz: 2400, Mhz Limit: 2400
Processor Information for processor 9
  Max Mhz: 2400, Current Mhz: 2400, Mhz Limit: 2400
Processor Information for processor 10
  Max Mhz: 2400, Current Mhz: 2400, Mhz Limit: 2400
Processor Information for processor 11
  Max Mhz: 2400, Current Mhz: 1520, Mhz Limit: 2400
Processor Information for processor 12
  Max Mhz: 2400, Current Mhz: 1500, Mhz Limit: 1800
Processor Information for processor 13
  Max Mhz: 2400, Current Mhz: 1500, Mhz Limit: 1800
Processor Information for processor 14
  Max Mhz: 2400, Current Mhz: 1500, Mhz Limit: 1800
Processor Information for processor 15
  Max Mhz: 2400, Current Mhz: 1500, Mhz Limit: 1800
Processor Information for processor 16
  Max Mhz: 2400, Current Mhz: 1800, Mhz Limit: 1800
Processor Information for processor 17
  Max Mhz: 2400, Current Mhz: 1800, Mhz Limit: 1800
Processor Information for processor 18
  Max Mhz: 2400, Current Mhz: 1500, Mhz Limit: 1800
Processor Information for processor 19
  Max Mhz: 2400, Current Mhz: 1500, Mhz Limit: 1800

Memory: 4k page, system-wide physical 16108M (2326M free)
TotalPageFile size 29420M (AvailPageFile size 7031M)
current process WorkingSet (physical memory assigned to process): 431M, peak: 546M
current process commit charge ("private bytes"): 497M, peak: 590M

vm_info: OpenJDK 64-Bit Server VM (21.0.4+7-LTS) for windows-amd64 JRE (21.0.4+7-LTS), built on 2024-07-16T00:00:00Z by "admin" with MS VC++ 17.7 (VS2022)

END.
